32
203  1.10339239E+02  3.31407867e-22
204  3.98030254E+02  1.14511173e-24
205  3.97630433E+02  1.04118034e-24
206  4.05963505E+02  1.20339408e-24
401  5.70733612E+02  1.23891984e-25
413  5.48382250E+02  2.30295125e-24
402  5.65311563E+02  1.20173148e-25
414  5.48555230E+02  5.70882283e-25
403  5.70733612E+02  1.23891984e-25
415  5.48382250E+02  2.30295125e-24
404  5.65311563E+02  1.20173148e-25
416  5.48555230E+02  5.70882283e-25
405  5.16433150E+02  1.76167877e-25
417  5.48215739E+02  8.21157050e-25
406  4.01202881E+02  3.25590219e-25
418  5.87300491E+02  8.92716618e-26
425  2.02349772E+02  3.08033113e-24
437  1.44059825E+02  3.04556201e-24
426  1.86168430E+02  4.39154415e-24
427  2.02349772E+02  3.08033113e-24
439  1.44059825E+02  3.04556201e-24
428  1.86168430E+02  4.39154415e-24
429  1.34430335E+02  4.43756446e-24
441  2.06342642E+02  2.43866968e-24
430  1.85227186E+02  4.46187892e-24
449  6.12059739E+02  1.19528086e-25
450  9.70071979E+01 -1
451  1.80337030E+02  3.16798220e-23
452 -3.62660510E+02  3.43537048e-25
453  3.80172032E+02  2.54543617e-25
454  1.79896424E+02  3.86241665e-23
455  3.81249242E+02  2.64672126e-25
0
0
10
6  1.00000000E+00 100 5 24 0 0 0
6  0.00000000E+00 0 5 37 0 0 0
6  0.00000000E+00 0 1000006 1000022 0 0 0
6  0.00000000E+00 0 1000006 1000023 0 0 0
6  0.00000000E+00 0 1000006 1000025 0 0 0
6  0.00000000E+00 0 1000006 1000035 0 0 0
6  0.00000000E+00 0 2000006 1000022 0 0 0
6  0.00000000E+00 0 2000006 1000023 0 0 0
6  0.00000000E+00 0 2000006 1000025 0 0 0
6  0.00000000E+00 0 2000006 1000035 0 0 0
4
203  8.19070713e-01 0 5 -5 0 0 0
203  1.45642955e-01 0 15 -15 0 0 0
203  3.36338173e-02 0 24 -24 0 0 0
203  1.65251528e-03 0 23 23 0 0 0
10
204  7.89500067e-01 0 5 -5 0 0 0
204  1.39072676e-01 0 15 -15 0 0 0
204  4.84110879e-02 0 6 -6 0 0 0
204  1.73348101e-02 100 25 25 0 0 0
204  3.87681171e-03 0 24 -24 0 0 0
204  1.80454752e-03 0 23 23 0 0 0
204  0.00000000E+00 0 24 -37 0 0 0
204  0.00000000E+00 0 -24 37 0 0 0
204  0.00000000E+00 0 37 -37 0 0 0
204  0.00000000E+00 0 36 36 0 0 0
7
205  7.19406137e-01 0 5 -5 0 0 0
205  1.51081526e-01 0 6 -6 0 0 0
205  1.26659725e-01 100 15 -15 0 0 0
205  2.85261228e-03 0 23 25 0 0 0
205  0.00000000E+00 0 23 35 0 0 0
205  0.00000000E+00 0 24 -37 0 0 0
205  0.00000000E+00 0 -24 37 0 0 0
5
206  8.46811711e-01 0 6 -5 0 0 0
206  1.49435135e-01 0 -15 16 0 0 0
206  3.75315387e-03 0 24 25 0 0 0
206  0.00000000E+00 0 24 35 0 0 0
206  0.00000000E+00 0 24 36 0 0 0
24
449  1.05840237e-01 0 1000005 -5 0 0 0
449  1.05840237e-01 0 -1000005 5 0 0 0
449  5.56574805e-02 0 2000005 -5 0 0 0
449  5.56574805e-02 0 -2000005 5 0 0 0
449  5.07075274e-02 0 2000001 -1 0 0 0
449  5.07075274e-02 0 -2000001 1 0 0 0
449  5.07075274e-02 0 2000003 -3 0 0 0
449  5.07075274e-02 0 -2000003 3 0 0 0
449  4.80642793e-02 0 1000006 -6 0 0 0
449  4.80642793e-02 100 -1000006 6 0 0 0
449  4.46872773e-02 100 2000002 -2 0 0 0
449  4.46872773e-02 0 -2000002 2 0 0 0
449  4.46872773e-02 0 2000004 -4 0 0 0
449  4.46872773e-02 0 -2000004 4 0 0 0
449  2.89787767e-02 0 1000002 -2 0 0 0
449  2.89787767e-02 0 -1000002 2 0 0 0
449  2.89787767e-02 0 1000004 -4 0 0 0
449  2.89787767e-02 0 -1000004 4 0 0 0
449  2.08454202e-02 0 1000001 -1 0 0 0
449  2.08454202e-02 0 -1000001 1 0 0 0
449  2.08454202e-02 0 1000003 -3 0 0 0
449  2.08454202e-02 0 -1000003 3 0 0 0
449  0.00000000E+00 0 2000006 -6 0 0 0
449  0.00000000E+00 100 -2000006 6 0 0 0
11
406  1.00000000E+00 0 6 1000023 0 0 0
406  0.00000000E+00 0 1000022 6 0 0 0
406  0.00000000E+00 100 1000025 6 0 0 0
406  0.00000000E+00 100 1000035 6 0 0 0
406  0.00000000E+00 100 1000024 5 0 0 0
406  0.00000000E+00 0 1000037 5 0 0 0
406  0.00000000E+00 0 1000021 6 0 0 0
406  0.00000000E+00 100 1000005 37 0 0 0
406  0.00000000E+00 0 2000005 37 0 0 0
406  0.00000000E+00 0 1000005 24 0 0 0
406  0.00000000E+00 0 2000005 24 0 0 0
15
418  1.00000000E+00 0 6 1000023 0 0 0
418  0.00000000E+00 0 1000022 6 0 0 0
418  0.00000000E+00 100 1000025 6 0 0 0
418  0.00000000E+00 100 1000035 6 0 0 0
418  0.00000000E+00 100 1000024 5 0 0 0
418  0.00000000E+00 0 1000037 5 0 0 0
418  0.00000000E+00 0 1000021 6 0 0 0
418  0.00000000E+00 100 1000006 25 0 0 0
418  0.00000000E+00 0 1000006 35 0 0 0
418  0.00000000E+00 0 1000006 36 0 0 0
418  0.00000000E+00 0 1000005 37 0 0 0
418  0.00000000E+00 0 2000005 37 0 0 0
418  0.00000000E+00 0 1000006 23 0 0 0
418  0.00000000E+00 0 1000005 24 0 0 0
418  0.00000000E+00 0 2000005 24 0 0 0
11
405  1.00000000E+00 0 1000023 5 0 0 0
405  0.00000000E+00 0 1000022 5 0 0 0
405  0.00000000E+00 0 1000025 5 0 0 0
405  0.00000000E+00 0 1000035 5 0 0 0
405  0.00000000E+00 0 -1000024 6 0 0 0
405  0.00000000E+00 100 -1000037 6 0 0 0
405  0.00000000E+00 100 1000021 5 0 0 0
405  0.00000000E+00 0 1000006 -37 0 0 0
405  0.00000000E+00 0 2000006 -37 0 0 0
405  0.00000000E+00 0 1000006 -24 0 0 0
405  0.00000000E+00 0 2000006 -24 0 0 0
15
417  1.00000000E+00 0 1000023 5 0 0 0
417  0.00000000E+00 0 1000022 5 0 0 0
417  0.00000000E+00 0 1000025 5 0 0 0
417  0.00000000E+00 0 1000035 5 0 0 0
417  0.00000000E+00 0 -1000024 6 0 0 0
417  0.00000000E+00 100 -1000037 6 0 0 0
417  0.00000000E+00 100 1000021 5 0 0 0
417  0.00000000E+00 0 1000005 25 0 0 0
417  0.00000000E+00 0 1000005 35 0 0 0
417  0.00000000E+00 0 1000005 36 0 0 0
417  0.00000000E+00 0 1000006 -37 0 0 0
417  0.00000000E+00 0 2000006 -37 0 0 0
417  0.00000000E+00 0 1000005 23 0 0 0
417  0.00000000E+00 0 1000006 -24 0 0 0
417  0.00000000E+00 0 2000006 -24 0 0 0
7
402  1.00000000E+00 0 2 1000023 0 0 0
402  0.00000000E+00 0 1000022 2 0 0 0
402  0.00000000E+00 0 1000025 2 0 0 0
402  0.00000000E+00 0 1000035 2 0 0 0
402  0.00000000E+00 0 1000024 1 0 0 0
402  0.00000000E+00 0 1000037 1 0 0 0
402  0.00000000E+00 0 1000021 2 0 0 0
7
414  1.00000000E+00 0 2 1000023 0 0 0
414  0.00000000E+00 0 1000022 2 0 0 0
414  0.00000000E+00 0 1000025 2 0 0 0
414  0.00000000E+00 0 1000035 2 0 0 0
414  0.00000000E+00 0 1000024 1 0 0 0
414  0.00000000E+00 0 1000037 1 0 0 0
414  0.00000000E+00 0 1000021 2 0 0 0
7
401  1.00000000E+00 0 1 1000023 0 0 0
401  0.00000000E+00 0 1000022 1 0 0 0
401  0.00000000E+00 0 1000025 1 0 0 0
401  0.00000000E+00 0 1000035 1 0 0 0
401  0.00000000E+00 0 -1000024 2 0 0 0
401  0.00000000E+00 0 -1000037 2 0 0 0
401  0.00000000E+00 0 1000021 1 0 0 0
7
413  1.00000000E+00 0 1 1000023 0 0 0
413  0.00000000E+00 0 1000022 1 0 0 0
413  0.00000000E+00 0 1000025 1 0 0 0
413  0.00000000E+00 0 1000035 1 0 0 0
413  0.00000000E+00 0 -1000024 2 0 0 0
413  0.00000000E+00 0 -1000037 2 0 0 0
413  0.00000000E+00 0 1000021 1 0 0 0
7
404  1.00000000E+00 0 4 1000023 0 0 0
404  0.00000000E+00 0 1000022 4 0 0 0
404  0.00000000E+00 0 1000025 4 0 0 0
404  0.00000000E+00 0 1000035 4 0 0 0
404  0.00000000E+00 0 1000024 3 0 0 0
404  0.00000000E+00 0 1000037 3 0 0 0
404  0.00000000E+00 0 1000021 4 0 0 0
7
416  1.00000000E+00 0 4 1000023 0 0 0
416  0.00000000E+00 0 1000022 4 0 0 0
416  0.00000000E+00 0 1000025 4 0 0 0
416  0.00000000E+00 0 1000035 4 0 0 0
416  0.00000000E+00 0 1000024 3 0 0 0
416  0.00000000E+00 0 1000037 3 0 0 0
416  0.00000000E+00 0 1000021 4 0 0 0
7
403  1.00000000E+00 0 3 1000023 0 0 0
403  0.00000000E+00 0 1000022 3 0 0 0
403  0.00000000E+00 0 1000025 3 0 0 0
403  0.00000000E+00 0 1000035 3 0 0 0
403  0.00000000E+00 0 -1000024 4 0 0 0
403  0.00000000E+00 0 -1000037 4 0 0 0
403  0.00000000E+00 0 1000021 3 0 0 0
7
415  1.00000000E+00 0 3 1000023 0 0 0
415  0.00000000E+00 0 1000022 3 0 0 0
415  0.00000000E+00 0 1000025 3 0 0 0
415  0.00000000E+00 0 1000035 3 0 0 0
415  0.00000000E+00 0 -1000024 4 0 0 0
415  0.00000000E+00 0 -1000037 4 0 0 0
415  0.00000000E+00 0 1000021 3 0 0 0
6
425  1.00000000E+00 0 11 1000022 0 0 0
425  0.00000000E+00 0 1000023 11 0 0 0
425  0.00000000E+00 0 1000025 11 0 0 0
425  0.00000000E+00 0 1000035 11 0 0 0
425  0.00000000E+00 0 -1000024 12 0 0 0
425  0.00000000E+00 100 -1000037 12 0 0 0
6
437  1.00000000E+00 0 11 1000022 0 0 0
437  0.00000000E+00 0 1000023 11 0 0 0
437  0.00000000E+00 0 1000025 11 0 0 0
437  0.00000000E+00 0 1000035 11 0 0 0
437  0.00000000E+00 0 -1000024 12 0 0 0
437  0.00000000E+00 100 -1000037 12 0 0 0
6
427  1.00000000E+00 0 13 1000022 0 0 0
427  0.00000000E+00 0 1000023 13 0 0 0
427  0.00000000E+00 0 1000025 13 0 0 0
427  0.00000000E+00 0 1000035 13 0 0 0
427  0.00000000E+00 0 -1000024 14 0 0 0
427  0.00000000E+00 0 -1000037 14 0 0 0
6
439  1.00000000E+00 0 13 1000022 0 0 0
439  0.00000000E+00 0 1000023 13 0 0 0
439  0.00000000E+00 0 1000025 13 0 0 0
439  0.00000000E+00 0 1000035 13 0 0 0
439  0.00000000E+00 0 -1000024 14 0 0 0
439  0.00000000E+00 0 -1000037 14 0 0 0
8
429  1.00000000E+00 0 15 1000022 0 0 0
429  0.00000000E+00 0 1000023 15 0 0 0
429  0.00000000E+00 0 1000025 15 0 0 0
429  0.00000000E+00 0 1000035 15 0 0 0
429  0.00000000E+00 0 -1000024 16 0 0 0
429  0.00000000E+00 0 -1000037 16 0 0 0
429  0.00000000E+00 0 1000016 -37 0 0 0
429  0.00000000E+00 0 1000016 -24 0 0 0
12
441  5.96653046e-01 0 15 1000022 0 0 0
441  2.48810195e-01 0 -1000024 16 0 0 0
441  1.54536760e-01 0 1000023 15 0 0 0
441  0.00000000E+00 0 1000025 15 0 0 0
441  0.00000000E+00 0 1000035 15 0 0 0
441  0.00000000E+00 0 -1000037 16 0 0 0
441  0.00000000E+00 0 1000016 -37 0 0 0
441  0.00000000E+00 0 1000016 -24 0 0 0
441  0.00000000E+00 0 1000015 25 0 0 0
441  0.00000000E+00 0 1000015 35 0 0 0
441  0.00000000E+00 0 1000015 36 0 0 0
441  0.00000000E+00 0 1000015 23 0 0 0
6
426  9.77700764e-01 0 12 1000022 0 0 0
426  1.41836867e-02 0 1000024 11 0 0 0
426  8.11554922e-03 0 1000023 12 0 0 0
426  0.00000000E+00 100 1000025 12 0 0 0
426  0.00000000E+00 100 1000035 12 0 0 0
426  0.00000000E+00 100 1000037 11 0 0 0
6
428  9.77700764e-01 0 14 1000022 0 0 0
428  1.41836867e-02 0 1000024 13 0 0 0
428  8.11554922e-03 0 1000023 14 0 0 0
428  0.00000000E+00 0 1000025 14 0 0 0
428  0.00000000E+00 0 1000035 14 0 0 0
428  0.00000000E+00 0 1000037 13 0 0 0
10
430  9.85994529e-01 0 16 1000022 0 0 0
430  7.75417479e-03 0 1000024 15 0 0 0
430  6.25129612e-03 0 1000023 16 0 0 0
430  0.00000000E+00 0 1000025 16 0 0 0
430  0.00000000E+00 0 1000035 16 0 0 0
430  0.00000000E+00 0 1000037 15 0 0 0
430  0.00000000E+00 0 -1000015 -37 0 0 0
430  0.00000000E+00 0 -2000015 -37 0 0 0
430  0.00000000E+00 0 -1000015 -24 0 0 0
430  0.00000000E+00 0 -2000015 -24 0 0 0
29
454  9.25161117e-01 0 -1000015 16 0 0 0
454  7.48388828e-02 0 1000022 24 0 0 0
454  0.00000000E+00 0 1000002 -1 0 0 0
454  0.00000000E+00 0 2000002 -1 0 0 0
454  0.00000000E+00 0 -1000001 2 0 0 0
454  0.00000000E+00 0 -2000001 2 0 0 0
454  0.00000000E+00 0 1000004 -3 0 0 0
454  0.00000000E+00 0 2000004 -3 0 0 0
454  0.00000000E+00 0 -1000003 4 0 0 0
454  0.00000000E+00 0 -2000003 4 0 0 0
454  0.00000000E+00 0 1000006 -5 0 0 0
454  0.00000000E+00 0 2000006 -5 0 0 0
454  0.00000000E+00 0 -1000005 6 0 0 0
454  0.00000000E+00 100 -2000005 6 0 0 0
454  0.00000000E+00 100 1000012 -11 0 0 0
454  0.00000000E+00 0 1000014 -13 0 0 0
454  0.00000000E+00 0 1000016 -15 0 0 0
454  0.00000000E+00 0 -1000011 12 0 0 0
454  0.00000000E+00 100 -2000011 12 0 0 0
454  0.00000000E+00 100 -1000013 14 0 0 0
454  0.00000000E+00 0 -2000013 14 0 0 0
454  0.00000000E+00 0 -2000015 16 0 0 0
454  0.00000000E+00 0 1000023 24 0 0 0
454  0.00000000E+00 0 1000025 24 0 0 0
454  0.00000000E+00 0 1000035 24 0 0 0
454  0.00000000E+00 0 1000022 37 0 0 0
454  0.00000000E+00 0 1000023 37 0 0 0
454  0.00000000E+00 0 1000025 37 0 0 0
454  0.00000000E+00 0 1000035 37 0 0 0
33
455  2.93654849e-01 0 1000023 24 0 0 0
455  2.31513269e-01 0 1000024 23 0 0 0
455  1.78478848e-01 0 1000024 25 0 0 0
455  6.76715120e-02 0 1000022 24 0 0 0
455  5.66729336e-02 0 -2000015 16 0 0 0
455  5.20406111e-02 0 -1000011 12 0 0 0
455  5.20406111e-02 100 -1000013 14 0 0 0
455  2.74507395e-02 0 1000016 -15 0 0 0
455  2.00968837e-02 0 1000012 -11 0 0 0
455  2.00968837e-02 0 1000014 -13 0 0 0
455  2.82859898e-04 0 -1000015 16 0 0 0
455  0.00000000E+00 0 1000002 -1 0 0 0
455  0.00000000E+00 0 2000002 -1 0 0 0
455  0.00000000E+00 0 -1000001 2 0 0 0
455  0.00000000E+00 0 -2000001 2 0 0 0
455  0.00000000E+00 0 1000004 -3 0 0 0
455  0.00000000E+00 0 2000004 -3 0 0 0
455  0.00000000E+00 0 -1000003 4 0 0 0
455  0.00000000E+00 0 -2000003 4 0 0 0
455  0.00000000E+00 0 1000006 -5 0 0 0
455  0.00000000E+00 0 2000006 -5 0 0 0
455  0.00000000E+00 0 -1000005 6 0 0 0
455  0.00000000E+00 100 -2000005 6 0 0 0
455  0.00000000E+00 100 -2000011 12 0 0 0
455  0.00000000E+00 100 -2000013 14 0 0 0
455  0.00000000E+00 0 1000025 24 0 0 0
455  0.00000000E+00 0 1000035 24 0 0 0
455  0.00000000E+00 0 1000024 35 0 0 0
455  0.00000000E+00 0 1000024 36 0 0 0
455  0.00000000E+00 0 1000022 37 0 0 0
455  0.00000000E+00 0 1000023 37 0 0 0
455  0.00000000E+00 0 1000025 37 0 0 0
455  0.00000000E+00 0 1000035 37 0 0 0
0
54
451  2.50000000e-01 0 2000011 -11 0 0 0
451  2.50000000e-01 0 -2000011 11 0 0 0
451  2.50000000e-01 0 2000013 -13 0 0 0
451  2.50000000e-01 0 -2000013 13 0 0 0
451  0.00000000E+00 0 1000022 23 0 0 0
451  0.00000000E+00 0 1000024 -24 0 0 0
451  0.00000000E+00 0 -1000024 24 0 0 0
451  0.00000000E+00 0 1000037 -24 0 0 0
451  0.00000000E+00 0 -1000037 24 0 0 0
451  0.00000000E+00 0 1000022 25 0 0 0
451  0.00000000E+00 0 1000022 35 0 0 0
451  0.00000000E+00 0 1000022 36 0 0 0
451  0.00000000E+00 0 1000024 -37 0 0 0
451  0.00000000E+00 0 -1000024 37 0 0 0
451  0.00000000E+00 0 1000037 -37 0 0 0
451  0.00000000E+00 0 -1000037 37 0 0 0
451  0.00000000E+00 0 1000002 -2 0 0 0
451  0.00000000E+00 0 -1000002 2 0 0 0
451  0.00000000E+00 0 2000002 -2 0 0 0
451  0.00000000E+00 0 -2000002 2 0 0 0
451  0.00000000E+00 0 1000001 -1 0 0 0
451  0.00000000E+00 0 -1000001 1 0 0 0
451  0.00000000E+00 0 2000001 -1 0 0 0
451  0.00000000E+00 0 -2000001 1 0 0 0
451  0.00000000E+00 0 1000004 -4 0 0 0
451  0.00000000E+00 0 -1000004 4 0 0 0
451  0.00000000E+00 0 2000004 -4 0 0 0
451  0.00000000E+00 0 -2000004 4 0 0 0
451  0.00000000E+00 0 1000003 -3 0 0 0
451  0.00000000E+00 0 -1000003 3 0 0 0
451  0.00000000E+00 0 2000003 -3 0 0 0
451  0.00000000E+00 0 -2000003 3 0 0 0
451  0.00000000E+00 0 1000006 -6 0 0 0
451  0.00000000E+00 100 -1000006 6 0 0 0
451  0.00000000E+00 100 2000006 -6 0 0 0
451  0.00000000E+00 100 -2000006 6 0 0 0
451  0.00000000E+00 100 1000005 -5 0 0 0
451  0.00000000E+00 0 -1000005 5 0 0 0
451  0.00000000E+00 0 2000005 -5 0 0 0
451  0.00000000E+00 0 -2000005 5 0 0 0
451  0.00000000E+00 0 1000011 -11 0 0 0
451  0.00000000E+00 0 -1000011 11 0 0 0
451  0.00000000E+00 0 1000013 -13 0 0 0
451  0.00000000E+00 0 -1000013 13 0 0 0
451  0.00000000E+00 0 1000015 -15 0 0 0
451  0.00000000E+00 0 -1000015 15 0 0 0
451  0.00000000E+00 0 2000015 -15 0 0 0
451  0.00000000E+00 0 -2000015 15 0 0 0
451  0.00000000E+00 0 1000012 -12 0 0 0
451  0.00000000E+00 100 -1000012 12 0 0 0
451  0.00000000E+00 100 1000014 -14 0 0 0
451  0.00000000E+00 0 -1000014 14 0 0 0
451  0.00000000E+00 0 1000016 -16 0 0 0
451  0.00000000E+00 0 -1000016 16 0 0 0
58
452  2.95329778e-01 0 1000024 -24 0 0 0
452  2.95329778e-01 0 -1000024 24 0 0 0
452  2.11969194e-01 0 1000023 23 0 0 0
452  1.13226601e-01 0 1000022 23 0 0 0
452  2.13076490e-02 0 1000022 25 0 0 0
452  1.24538329e-02 0 1000023 25 0 0 0
452  6.72814564e-03 0 2000015 -15 0 0 0
452  6.72814564e-03 0 -2000015 15 0 0 0
452  5.26279239e-03 0 1000015 -15 0 0 0
452  5.26279239e-03 0 -1000015 15 0 0 0
452  3.20245934e-03 0 1000016 -16 0 0 0
452  3.20245934e-03 0 -1000016 16 0 0 0
452  3.18920485e-03 0 1000012 -12 0 0 0
452  3.18920485e-03 100 -1000012 12 0 0 0
452  3.18920485e-03 100 1000014 -14 0 0 0
452  3.18920485e-03 0 -1000014 14 0 0 0
452  1.25266782e-03 0 2000011 -11 0 0 0
452  1.25266782e-03 0 -2000011 11 0 0 0
452  1.25266782e-03 0 2000013 -13 0 0 0
452  1.25266782e-03 0 -2000013 13 0 0 0
452  5.57220455e-04 0 1000011 -11 0 0 0
452  5.57220455e-04 0 -1000011 11 0 0 0
452  5.57220455e-04 0 1000013 -13 0 0 0
452  5.57220455e-04 0 -1000013 13 0 0 0
452  0.00000000E+00 0 1000037 -24 0 0 0
452  0.00000000E+00 0 -1000037 24 0 0 0
452  0.00000000E+00 0 1000022 35 0 0 0
452  0.00000000E+00 0 1000022 36 0 0 0
452  0.00000000E+00 0 1000023 35 0 0 0
452  0.00000000E+00 0 1000023 36 0 0 0
452  0.00000000E+00 0 1000024 -37 0 0 0
452  0.00000000E+00 0 -1000024 37 0 0 0
452  0.00000000E+00 0 1000037 -37 0 0 0
452  0.00000000E+00 0 -1000037 37 0 0 0
452  0.00000000E+00 0 1000002 -2 0 0 0
452  0.00000000E+00 0 -1000002 2 0 0 0
452  0.00000000E+00 0 2000002 -2 0 0 0
452  0.00000000E+00 0 -2000002 2 0 0 0
452  0.00000000E+00 0 1000001 -1 0 0 0
452  0.00000000E+00 0 -1000001 1 0 0 0
452  0.00000000E+00 0 2000001 -1 0 0 0
452  0.00000000E+00 0 -2000001 1 0 0 0
452  0.00000000E+00 0 1000004 -4 0 0 0
452  0.00000000E+00 0 -1000004 4 0 0 0
452  0.00000000E+00 0 2000004 -4 0 0 0
452  0.00000000E+00 0 -2000004 4 0 0 0
452  0.00000000E+00 0 1000003 -3 0 0 0
452  0.00000000E+00 0 -1000003 3 0 0 0
452  0.00000000E+00 0 2000003 -3 0 0 0
452  0.00000000E+00 0 -2000003 3 0 0 0
452  0.00000000E+00 0 1000006 -6 0 0 0
452  0.00000000E+00 100 -1000006 6 0 0 0
452  0.00000000E+00 100 2000006 -6 0 0 0
452  0.00000000E+00 100 -2000006 6 0 0 0
452  0.00000000E+00 100 1000005 -5 0 0 0
452  0.00000000E+00 0 -1000005 5 0 0 0
452  0.00000000E+00 0 2000005 -5 0 0 0
452  0.00000000E+00 0 -2000005 5 0 0 0
62
453  2.49541430e-01 0 1000024 -24 0 0 0
453  2.49541430e-01 0 -1000024 24 0 0 0
453  1.47602336e-01 0 1000023 25 0 0 0
453  6.93213268e-02 0 1000022 25 0 0 0
453  2.54724352e-02 0 1000016 -16 0 0 0
453  2.54724352e-02 0 -1000016 16 0 0 0
453  2.53796547e-02 0 1000012 -12 0 0 0
453  2.53796547e-02 100 -1000012 12 0 0 0
453  2.53796547e-02 100 1000014 -14 0 0 0
453  2.53796547e-02 0 -1000014 14 0 0 0
453  2.15369294e-02 0 1000022 23 0 0 0
453  1.85499971e-02 0 1000023 23 0 0 0
453  1.62289809e-02 0 2000015 -15 0 0 0
453  1.62289809e-02 0 -2000015 15 0 0 0
453  9.64835418e-03 0 1000011 -11 0 0 0
453  9.64835418e-03 0 -1000011 11 0 0 0
453  9.64835418e-03 0 1000013 -13 0 0 0
453  9.64835418e-03 0 -1000013 13 0 0 0
453  3.75684470e-03 0 2000011 -11 0 0 0
453  3.75684470e-03 0 -2000011 11 0 0 0
453  3.75684470e-03 0 2000013 -13 0 0 0
453  3.75684470e-03 0 -2000013 13 0 0 0
453  2.68215241e-03 0 1000015 -15 0 0 0
453  2.68215241e-03 0 -1000015 15 0 0 0
453  0.00000000E+00 0 1000025 23 0 0 0
453  0.00000000E+00 0 1000037 -24 0 0 0
453  0.00000000E+00 0 -1000037 24 0 0 0
453  0.00000000E+00 0 1000022 35 0 0 0
453  0.00000000E+00 0 1000022 36 0 0 0
453  0.00000000E+00 0 1000023 35 0 0 0
453  0.00000000E+00 0 1000023 36 0 0 0
453  0.00000000E+00 0 1000025 25 0 0 0
453  0.00000000E+00 0 1000025 35 0 0 0
453  0.00000000E+00 0 1000025 36 0 0 0
453  0.00000000E+00 0 1000024 -37 0 0 0
453  0.00000000E+00 0 -1000024 37 0 0 0
453  0.00000000E+00 0 1000037 -37 0 0 0
453  0.00000000E+00 0 -1000037 37 0 0 0
453  0.00000000E+00 0 1000002 -2 0 0 0
453  0.00000000E+00 0 -1000002 2 0 0 0
453  0.00000000E+00 0 2000002 -2 0 0 0
453  0.00000000E+00 0 -2000002 2 0 0 0
453  0.00000000E+00 0 1000001 -1 0 0 0
453  0.00000000E+00 0 -1000001 1 0 0 0
453  0.00000000E+00 0 2000001 -1 0 0 0
453  0.00000000E+00 0 -2000001 1 0 0 0
453  0.00000000E+00 0 1000004 -4 0 0 0
453  0.00000000E+00 0 -1000004 4 0 0 0
453  0.00000000E+00 0 2000004 -4 0 0 0
453  0.00000000E+00 0 -2000004 4 0 0 0
453  0.00000000E+00 0 1000003 -3 0 0 0
453  0.00000000E+00 0 -1000003 3 0 0 0
453  0.00000000E+00 0 2000003 -3 0 0 0
453  0.00000000E+00 0 -2000003 3 0 0 0
453  0.00000000E+00 0 1000006 -6 0 0 0
453  0.00000000E+00 100 -1000006 6 0 0 0
453  0.00000000E+00 100 2000006 -6 0 0 0
453  0.00000000E+00 100 -2000006 6 0 0 0
453  0.00000000E+00 100 1000005 -5 0 0 0
453  0.00000000E+00 0 -1000005 5 0 0 0
453  0.00000000E+00 0 2000005 -5 0 0 0
453  0.00000000E+00 0 -2000005 5 0 0 0
 1.00000000E+01 -1.13960013e-01
 9.85555917e-01 -5.66173888e-02  1.49834955e-01 -5.49862804e-02
 1.05048014e-01  9.41850539e-01 -2.76640170e-01  1.59225287e-01
-6.07509457e-02  9.06495576e-02  6.94745499e-01  7.10929442e-01
-1.18126081e-01  3.18582313e-01  6.46798572e-01 -6.82790704e-01
 9.72105190e-01 -2.34545306e-01  2.34545306e-01  9.72105190e-01
 9.14369310e-01 -4.04881175e-01  4.04881175e-01  9.14369310e-01
 9.79897446e-01  3.21504613e-01  1.28258211E+00
-5.06872324E+02 -7.99752783E+02 -2.51800487E+02
1.000000
0
