#
#                              ======================
#                              | THE SUSYHIT OUTPUT |
#                              ======================
#
#
#              ------------------------------------------------------
#              |     This is the output of the SUSY-HIT package     |
#              |  created by A.Djouadi, M.Muehlleitner and M.Spira. |
#              |  In case of problems with SUSY-HIT email to        |
#              |           margarete.muehlleitner@kit.edu           |
#              |           michael.spira@psi.ch                     |
#              |           abdelhak.djouadi@cern.ch                 |
#              ------------------------------------------------------
#
#              ------------------------------------------------------
#              |  SUSY Les Houches Accord - MSSM Spectrum + Decays  |
#              |              based on the decay programs           |
#              |                                                    |
#              |                     SDECAY 1.4                     |
#              |                                                    |
#              |  Authors: M.Muhlleitner, A.Djouadi and Y.Mambrini  |
#              |  Ref.:    Comput.Phys.Commun.168(2005)46           |
#              |           [hep-ph/0311167]                         |
#              |                                                    |
#              |                     HDECAY 3.4                     |
#              |                                                    |
#              |  By: A.Djouadi,J.Kalinowski,M.Muhlleitner,M.Spira  |
#              |  Ref.:    Comput.Phys.Commun.108(1998)56           |
#              |           [hep-ph/9704448]                         |
#              |                                                    |
#              |                                                    |
#              |  If not stated otherwise all DRbar couplings and   |
#              |  soft SUSY breaking masses are given at the scale  |
#              |  Q=  0.46793628E+03
#              |                                                    |
#              ------------------------------------------------------
#
#
BLOCK DCINFO  # Decay Program information
     1   SDECAY/HDECAY # decay calculator
     2   1.4  /3.4    # version number
#
BLOCK SPINFO  # Spectrum calculator information
     1    SOFTSUSY    # spectrum calculator                
     2    3.4.1       # version number                     
#
BLOCK MODSEL  # Model selection
     1     1   #  sugra                                            
#
BLOCK SMINPUTS  # Standard Model inputs
         1     1.27916000E+02   # alpha_em^-1(M_Z)^MSbar
         2     1.16637000E-05   # G_F [GeV^-2]
         3     1.18400000E-01   # alpha_S(M_Z)^MSbar
         4     9.11876000E+01   # M_Z pole mass
         5     4.18000000E+00   # mb(mb)^MSbar
         6     1.73500000E+02   # mt pole mass
         7     1.77699000E+00   # mtau pole mass
#
BLOCK MINPAR  # Input parameters - minimal models
         1     1.00000000E+02   # m0                  
         2     2.50000000E+02   # m12                 
         3     1.00000000E+01   # tanb                
         4     1.00000000E+00   # sign(mu)            
         5    -1.00000000E+02   # A0                  
#
BLOCK EXTPAR  # Input parameters - non-minimal models
         0     2.41141415E+16   # MX                  
#
BLOCK MASS  # Mass Spectrum
# PDG code           mass       particle
        24     8.04121055E+01   # W+
        25     1.10339239E+02   # h
        35     3.98030254E+02   # H
        36     3.97630433E+02   # A
        37     4.05963505E+02   # H+
         5     4.81905925E+00   # b-quark pole mass calculated from mb(mb)_Msbar
   1000001     5.70733612E+02   # ~d_L
   2000001     5.48382250E+02   # ~d_R
   1000002     5.65311563E+02   # ~u_L
   2000002     5.48555230E+02   # ~u_R
   1000003     5.70733612E+02   # ~s_L
   2000003     5.48382250E+02   # ~s_R
   1000004     5.65311563E+02   # ~c_L
   2000004     5.48555230E+02   # ~c_R
   1000005     5.16433150E+02   # ~b_1
   2000005     5.48215739E+02   # ~b_2
   1000006     4.01202881E+02   # ~t_1
   2000006     5.87300491E+02   # ~t_2
   1000011     2.02349772E+02   # ~e_L
   2000011     1.44059825E+02   # ~e_R
   1000012     1.86168430E+02   # ~nu_eL
   1000013     2.02349772E+02   # ~mu_L
   2000013     1.44059825E+02   # ~mu_R
   1000014     1.86168430E+02   # ~nu_muL
   1000015     1.34430335E+02   # ~tau_1
   2000015     2.06342642E+02   # ~tau_2
   1000016     1.85227186E+02   # ~nu_tauL
   1000021     6.12059739E+02   # ~g
   1000022     9.70071979E+01   # ~chi_10
   1000023     1.80337030E+02   # ~chi_20
   1000025    -3.62660510E+02   # ~chi_30
   1000035     3.80172032E+02   # ~chi_40
   1000024     1.79896424E+02   # ~chi_1+
   1000037     3.81249242E+02   # ~chi_2+
#
BLOCK NMIX  # Neutralino Mixing Matrix
  1  1     9.85555917E-01   # N_11
  1  2    -5.66173888E-02   # N_12
  1  3     1.49834955E-01   # N_13
  1  4    -5.49862804E-02   # N_14
  2  1     1.05048014E-01   # N_21
  2  2     9.41850539E-01   # N_22
  2  3    -2.76640170E-01   # N_23
  2  4     1.59225287E-01   # N_24
  3  1    -6.07509457E-02   # N_31
  3  2     9.06495576E-02   # N_32
  3  3     6.94745499E-01   # N_33
  3  4     7.10929442E-01   # N_34
  4  1    -1.18126081E-01   # N_41
  4  2     3.18582313E-01   # N_42
  4  3     6.46798572E-01   # N_43
  4  4    -6.82790704E-01   # N_44
#
BLOCK UMIX  # Chargino Mixing Matrix U
  1  1     9.14369310E-01   # U_11
  1  2    -4.04881175E-01   # U_12
  2  1     4.04881175E-01   # U_21
  2  2     9.14369310E-01   # U_22
#
BLOCK VMIX  # Chargino Mixing Matrix V
  1  1     9.72105190E-01   # V_11
  1  2    -2.34545306E-01   # V_12
  2  1     2.34545306E-01   # V_21
  2  2     9.72105190E-01   # V_22
#
BLOCK STOPMIX  # Stop Mixing Matrix
  1  1     5.57107715E-01   # cos(theta_t)
  1  2     8.30440241E-01   # sin(theta_t)
  2  1    -8.30440241E-01   # -sin(theta_t)
  2  2     5.57107715E-01   # cos(theta_t)
#
BLOCK SBOTMIX  # Sbottom Mixing Matrix
  1  1     9.48761043E-01   # cos(theta_b)
  1  2     3.15994436E-01   # sin(theta_b)
  2  1    -3.15994436E-01   # -sin(theta_b)
  2  2     9.48761043E-01   # cos(theta_b)
#
BLOCK STAUMIX  # Stau Mixing Matrix
  1  1     2.84240554E-01   # cos(theta_tau)
  1  2     9.58752996E-01   # sin(theta_tau)
  2  1    -9.58752996E-01   # -sin(theta_tau)
  2  2     2.84240554E-01   # cos(theta_tau)
#
BLOCK ALPHA  # Higgs mixing
          -1.13960013E-01   # Mixing angle in the neutral Higgs boson sector
#
BLOCK HMIX Q=  4.67936284E+02  # DRbar Higgs Parameters
         1     3.55177772E+02   # mu(Q)MSSM           
         2     9.75190558E+00   # tan                 
         3     2.44925498E+02   # higgs               
         4     1.64878120E+05   # mA^2(Q)MSSM         
#
BLOCK GAUGE Q=  4.67936284E+02  # The gauge couplings
     1     3.61050550E-01   # gprime(Q) DRbar
     2     6.46479498E-01   # g(Q) DRbar
     3     1.10057606E+00   # g3(Q) DRbar
#
BLOCK AU Q=  4.67936284E+02  # The trilinear couplings
  1  1    -6.85725310E+02   # A_u(Q) DRbar
  2  2    -6.85721930E+02   # A_c(Q) DRbar
  3  3    -5.06872324E+02   # A_t(Q) DRbar
#
BLOCK AD Q=  4.67936284E+02  # The trilinear couplings
  1  1    -8.62445788E+02   # A_d(Q) DRbar
  2  2    -8.62442605E+02   # A_s(Q) DRbar
  3  3    -7.99752783E+02   # A_b(Q) DRbar
#
BLOCK AE Q=  4.67936284E+02  # The trilinear couplings
  1  1    -2.53548467E+02   # A_e(Q) DRbar
  2  2    -2.53542642E+02   # A_mu(Q) DRbar
  3  3    -2.51800487E+02   # A_tau(Q) DRbar
#
BLOCK Yu Q=  4.67936284E+02  # The Yukawa couplings
  1  1     0.00000000E+00   # y_u(Q) DRbar
  2  2     0.00000000E+00   # y_c(Q) DRbar
  3  3     8.83568885E-01   # y_t(Q) DRbar
#
BLOCK Yd Q=  4.67936284E+02  # The Yukawa couplings
  1  1     0.00000000E+00   # y_d(Q) DRbar
  2  2     0.00000000E+00   # y_s(Q) DRbar
  3  3     1.35835900E-01   # y_b(Q) DRbar
#
BLOCK Ye Q=  4.67936284E+02  # The Yukawa couplings
  1  1     0.00000000E+00   # y_e(Q) DRbar
  2  2     0.00000000E+00   # y_mu(Q) DRbar
  3  3     1.00934460E-01   # y_tau(Q) DRbar
#
BLOCK MSOFT Q=  4.67936284E+02  # The soft SUSY breaking masses at the scale Q
         1     1.01455804E+02   # M_1(Q)              
         2     1.91493309E+02   # M_2(Q)              
         3     5.88677240E+02   # M_3(Q)              
        21     3.25829107E+04   # M^2_Hd              
        22    -1.27051050E+05   # M^2_Hu              
        31     1.95428191E+02   # M_eL                
        32     1.95425401E+02   # M_muL               
        33     1.94591736E+02   # M_tauL              
        34     1.35948818E+02   # M_eR                
        35     1.35940667E+02   # M_muR               
        36     1.33488516E+02   # M_tauR              
        41     5.48000045E+02   # M_q1L               
        42     5.47998391E+02   # M_q2L               
        43     4.99789594E+02   # M_q3L               
        44     5.30100518E+02   # M_uR                
        45     5.30098831E+02   # M_cR                
        46     4.25266951E+02   # M_tR                
        47     5.28021238E+02   # M_dR                
        48     5.28019458E+02   # M_sR                
        49     5.24894459E+02   # M_bR                
#
#
#
#                             =================
#                             |The decay table|
#                             =================
#
# - The QCD corrections to the decays gluino -> squark  + quark
#                                     squark -> gaugino + quark_prime
#                                     squark -> squark_prime + Higgs
#                                     squark -> gluino  + quark
#   are included.
#
# - The multi-body decays for the inos, stops and sbottoms are included.
#
# - The loop induced decays for the gluino, neutralinos and stops
#   are included.
#
# - The SUSY decays of the top quark are included.
#
#
#         PDG            Width
DECAY         6     1.47981690E+00   # top decays
#          BR         NDA      ID1       ID2
     1.00000000E+00    2           5        24   # BR(t ->  b    W+)
#
#         PDG            Width
DECAY   1000021     5.03757597E+00   # gluino decays
#          BR         NDA      ID1       ID2
     2.17755446E-02    2     1000001        -1   # BR(~g -> ~d_L  db)
     2.17755446E-02    2    -1000001         1   # BR(~g -> ~d_L* d )
     4.97646086E-02    2     2000001        -1   # BR(~g -> ~d_R  db)
     4.97646086E-02    2    -2000001         1   # BR(~g -> ~d_R* d )
     2.76094717E-02    2     1000002        -2   # BR(~g -> ~u_L  ub)
     2.76094717E-02    2    -1000002         2   # BR(~g -> ~u_L* u )
     4.95093614E-02    2     2000002        -2   # BR(~g -> ~u_R  ub)
     4.95093614E-02    2    -2000002         2   # BR(~g -> ~u_R* u )
     2.17755446E-02    2     1000003        -3   # BR(~g -> ~s_L  sb)
     2.17755446E-02    2    -1000003         3   # BR(~g -> ~s_L* s )
     4.97646086E-02    2     2000003        -3   # BR(~g -> ~s_R  sb)
     4.97646086E-02    2    -2000003         3   # BR(~g -> ~s_R* s )
     2.76094717E-02    2     1000004        -4   # BR(~g -> ~c_L  cb)
     2.76094717E-02    2    -1000004         4   # BR(~g -> ~c_L* c )
     4.95093614E-02    2     2000004        -4   # BR(~g -> ~c_R  cb)
     4.95093614E-02    2    -2000004         4   # BR(~g -> ~c_R* c )
     1.01095763E-01    2     1000005        -5   # BR(~g -> ~b_1  bb)
     1.01095763E-01    2    -1000005         5   # BR(~g -> ~b_1* b )
     5.14977073E-02    2     2000005        -5   # BR(~g -> ~b_2  bb)
     5.14977073E-02    2    -2000005         5   # BR(~g -> ~b_2* b )
     5.00885572E-02    2     1000006        -6   # BR(~g -> ~t_1  tb)
     5.00885572E-02    2    -1000006         6   # BR(~g -> ~t_1* t )
#
#         PDG            Width
DECAY   1000006     2.10591755E+00   # stop1 decays
#          BR         NDA      ID1       ID2
     1.96037122E-01    2     1000022         6   # BR(~t_1 -> ~chi_10 t )
     1.25652816E-01    2     1000023         6   # BR(~t_1 -> ~chi_20 t )
     6.64422830E-01    2     1000024         5   # BR(~t_1 -> ~chi_1+ b )
     1.38872316E-02    2     1000037         5   # BR(~t_1 -> ~chi_2+ b )
#
#         PDG            Width
DECAY   2000006     7.31536783E+00   # stop2 decays
#          BR         NDA      ID1       ID2
     3.15528966E-02    2     1000022         6   # BR(~t_2 -> ~chi_10 t )
     8.74254140E-02    2     1000023         6   # BR(~t_2 -> ~chi_20 t )
     4.59963840E-02    2     1000025         6   # BR(~t_2 -> ~chi_30 t )
     2.06489394E-01    2     1000035         6   # BR(~t_2 -> ~chi_40 t )
     2.13990502E-01    2     1000024         5   # BR(~t_2 -> ~chi_1+ b )
     1.96526864E-01    2     1000037         5   # BR(~t_2 -> ~chi_2+ b )
     3.70055110E-02    2     1000006        25   # BR(~t_2 -> ~t_1    h )
     1.81013034E-01    2     1000006        23   # BR(~t_2 -> ~t_1    Z )
#
#         PDG            Width
DECAY   1000005     3.81925205E+00   # sbottom1 decays
#          BR         NDA      ID1       ID2
     4.27746565E-02    2     1000022         5   # BR(~b_1 -> ~chi_10 b )
     3.46960922E-01    2     1000023         5   # BR(~b_1 -> ~chi_20 b )
     5.10792038E-03    2     1000025         5   # BR(~b_1 -> ~chi_30 b )
     1.16160731E-02    2     1000035         5   # BR(~b_1 -> ~chi_40 b )
     4.61726220E-01    2    -1000024         6   # BR(~b_1 -> ~chi_1- t )
     1.31814208E-01    2     1000006       -24   # BR(~b_1 -> ~t_1    W-)
#
#         PDG            Width
DECAY   2000005     7.09499020E-01   # sbottom2 decays
#          BR         NDA      ID1       ID2
     3.30994341E-01    2     1000022         5   # BR(~b_2 -> ~chi_10 b )
     1.25485834E-01    2     1000023         5   # BR(~b_2 -> ~chi_20 b )
     5.80055498E-02    2     1000025         5   # BR(~b_2 -> ~chi_30 b )
     8.13650784E-02    2     1000035         5   # BR(~b_2 -> ~chi_40 b )
     1.69957226E-01    2    -1000024         6   # BR(~b_2 -> ~chi_1- t )
     2.34191972E-01    2     1000006       -24   # BR(~b_2 -> ~t_1    W-)
#
#         PDG            Width
DECAY   1000002     5.37347425E+00   # sup_L decays
#          BR         NDA      ID1       ID2
     6.43636292E-03    2     1000022         2   # BR(~u_L -> ~chi_10 u)
     3.17417252E-01    2     1000023         2   # BR(~u_L -> ~chi_20 u)
     9.37049667E-04    2     1000025         2   # BR(~u_L -> ~chi_30 u)
     1.13690614E-02    2     1000035         2   # BR(~u_L -> ~chi_40 u)
     6.49751579E-01    2     1000024         1   # BR(~u_L -> ~chi_1+ d)
     1.40886950E-02    2     1000037         1   # BR(~u_L -> ~chi_2+ d)
#
#         PDG            Width
DECAY   2000002     1.14018016E+00   # sup_R decays
#          BR         NDA      ID1       ID2
     9.85072484E-01    2     1000022         2   # BR(~u_R -> ~chi_10 u)
     9.51019154E-03    2     1000023         2   # BR(~u_R -> ~chi_20 u)
     1.28070501E-03    2     1000025         2   # BR(~u_R -> ~chi_30 u)
     4.13661915E-03    2     1000035         2   # BR(~u_R -> ~chi_40 u)
#
#         PDG            Width
DECAY   1000001     5.16946067E+00   # sdown_L decays
#          BR         NDA      ID1       ID2
     2.41916002E-02    2     1000022         1   # BR(~d_L -> ~chi_10 d)
     3.07477368E-01    2     1000023         1   # BR(~d_L -> ~chi_20 d)
     1.66471737E-03    2     1000025         1   # BR(~d_L -> ~chi_30 d)
     1.62012369E-02    2     1000035         1   # BR(~d_L -> ~chi_40 d)
     6.05078210E-01    2    -1000024         2   # BR(~d_L -> ~chi_1- u)
     4.53868670E-02    2    -1000037         2   # BR(~d_L -> ~chi_2- u)
#
#         PDG            Width
DECAY   2000001     2.84951966E-01   # sdown_R decays
#          BR         NDA      ID1       ID2
     9.85079240E-01    2     1000022         1   # BR(~d_R -> ~chi_10 d)
     9.50919014E-03    2     1000023         1   # BR(~d_R -> ~chi_20 d)
     1.27952377E-03    2     1000025         1   # BR(~d_R -> ~chi_30 d)
     4.13204650E-03    2     1000035         1   # BR(~d_R -> ~chi_40 d)
#
#         PDG            Width
DECAY   1000004     5.37347425E+00   # scharm_L decays
#          BR         NDA      ID1       ID2
     6.43636292E-03    2     1000022         4   # BR(~c_L -> ~chi_10 c)
     3.17417252E-01    2     1000023         4   # BR(~c_L -> ~chi_20 c)
     9.37049667E-04    2     1000025         4   # BR(~c_L -> ~chi_30 c)
     1.13690614E-02    2     1000035         4   # BR(~c_L -> ~chi_40 c)
     6.49751579E-01    2     1000024         3   # BR(~c_L -> ~chi_1+ s)
     1.40886950E-02    2     1000037         3   # BR(~c_L -> ~chi_2+ s)
#
#         PDG            Width
DECAY   2000004     1.14018016E+00   # scharm_R decays
#          BR         NDA      ID1       ID2
     9.85072484E-01    2     1000022         4   # BR(~c_R -> ~chi_10 c)
     9.51019154E-03    2     1000023         4   # BR(~c_R -> ~chi_20 c)
     1.28070501E-03    2     1000025         4   # BR(~c_R -> ~chi_30 c)
     4.13661915E-03    2     1000035         4   # BR(~c_R -> ~chi_40 c)
#
#         PDG            Width
DECAY   1000003     5.16946067E+00   # sstrange_L decays
#          BR         NDA      ID1       ID2
     2.41916002E-02    2     1000022         3   # BR(~s_L -> ~chi_10 s)
     3.07477368E-01    2     1000023         3   # BR(~s_L -> ~chi_20 s)
     1.66471737E-03    2     1000025         3   # BR(~s_L -> ~chi_30 s)
     1.62012369E-02    2     1000035         3   # BR(~s_L -> ~chi_40 s)
     6.05078210E-01    2    -1000024         4   # BR(~s_L -> ~chi_1- c)
     4.53868670E-02    2    -1000037         4   # BR(~s_L -> ~chi_2- c)
#
#         PDG            Width
DECAY   2000003     2.84951966E-01   # sstrange_R decays
#          BR         NDA      ID1       ID2
     9.85079240E-01    2     1000022         3   # BR(~s_R -> ~chi_10 s)
     9.50919014E-03    2     1000023         3   # BR(~s_R -> ~chi_20 s)
     1.27952377E-03    2     1000025         3   # BR(~s_R -> ~chi_30 s)
     4.13204650E-03    2     1000035         3   # BR(~s_R -> ~chi_40 s)
#
#         PDG            Width
DECAY   1000011     2.19122391E-01   # selectron_L decays
#          BR         NDA      ID1       ID2
     5.55275894E-01    2     1000022        11   # BR(~e_L -> ~chi_10 e-)
     1.62667301E-01    2     1000023        11   # BR(~e_L -> ~chi_20 e-)
     2.82056805E-01    2    -1000024        12   # BR(~e_L -> ~chi_1- nu_e)
#
#         PDG            Width
DECAY   2000011     2.16807057E-01   # selectron_R decays
#          BR         NDA      ID1       ID2
     1.00000000E+00    2     1000022        11   # BR(~e_R -> ~chi_10 e-)
#
#         PDG            Width
DECAY   1000013     2.19122391E-01   # smuon_L decays
#          BR         NDA      ID1       ID2
     5.55275894E-01    2     1000022        13   # BR(~mu_L -> ~chi_10 mu-)
     1.62667301E-01    2     1000023        13   # BR(~mu_L -> ~chi_20 mu-)
     2.82056805E-01    2    -1000024        14   # BR(~mu_L -> ~chi_1- nu_mu)
#
#         PDG            Width
DECAY   2000013     2.16807057E-01   # smuon_R decays
#          BR         NDA      ID1       ID2
     1.00000000E+00    2     1000022        13   # BR(~mu_R -> ~chi_10 mu-)
#
#         PDG            Width
DECAY   1000015     1.48029175E-01   # stau_1 decays
#          BR         NDA      ID1       ID2
     1.00000000E+00    2     1000022        15   # BR(~tau_1 -> ~chi_10  tau-)
#
#         PDG            Width
DECAY   2000015     2.76023972E-01   # stau_2 decays
#          BR         NDA      ID1       ID2
     5.83290455E-01    2     1000022        15   # BR(~tau_2 -> ~chi_10  tau-)
     1.52933968E-01    2     1000023        15   # BR(~tau_2 -> ~chi_20  tau-)
     2.63775577E-01    2    -1000024        16   # BR(~tau_2 -> ~chi_1-  nu_tau)
#
#         PDG            Width
DECAY   1000012     1.60066311E-01   # snu_eL decays
#          BR         NDA      ID1       ID2
     9.45555324E-01    2     1000022        12   # BR(~nu_eL -> ~chi_10 nu_e)
     1.43416511E-02    2     1000023        12   # BR(~nu_eL -> ~chi_20 nu_e)
     4.01030253E-02    2     1000024        11   # BR(~nu_eL -> ~chi_1+ e-)
#
#         PDG            Width
DECAY   1000014     1.60066311E-01   # snu_muL decays
#          BR         NDA      ID1       ID2
     9.45555324E-01    2     1000022        14   # BR(~nu_muL -> ~chi_10 nu_mu)
     1.43416511E-02    2     1000023        14   # BR(~nu_muL -> ~chi_20 nu_mu)
     4.01030253E-02    2     1000024        13   # BR(~nu_muL -> ~chi_1+ mu-)
#
#         PDG            Width
DECAY   1000016     1.55314271E-01   # snu_tauL decays
#          BR         NDA      ID1       ID2
     9.62208975E-01    2     1000022        16   # BR(~nu_tauL -> ~chi_10 nu_tau)
     1.04992401E-02    2     1000023        16   # BR(~nu_tauL -> ~chi_20 nu_tau)
     2.72917847E-02    2     1000024        15   # BR(~nu_tauL -> ~chi_1+ tau-)
#
#         PDG            Width
DECAY   1000024     1.56313855E-02   # chargino1+ decays
#          BR         NDA      ID1       ID2
     9.58425569E-01    2    -1000015        16   # BR(~chi_1+ -> ~tau_1+  nu_tau)
     4.15744312E-02    2     1000022        24   # BR(~chi_1+ -> ~chi_10  W+)
#
#         PDG            Width
DECAY   1000037     2.54227841E+00   # chargino2+ decays
#          BR         NDA      ID1       ID2
     1.98906009E-02    2     1000012       -11   # BR(~chi_2+ -> ~nu_eL   e+  )
     1.98906009E-02    2     1000014       -13   # BR(~chi_2+ -> ~nu_muL  mu+ )
     2.71342286E-02    2     1000016       -15   # BR(~chi_2+ -> ~nu_tau1 tau+)
     5.27305089E-02    2    -1000011        12   # BR(~chi_2+ -> ~e_L+    nu_e)
     5.27305089E-02    2    -1000013        14   # BR(~chi_2+ -> ~mu_L+   nu_mu)
     2.26937242E-04    2    -1000015        16   # BR(~chi_2+ -> ~tau_1+  nu_tau)
     5.72994521E-02    2    -2000015        16   # BR(~chi_2+ -> ~tau_2+  nu_tau)
     2.41674961E-01    2     1000024        23   # BR(~chi_2+ -> ~chi_1+  Z )
     6.60135540E-02    2     1000022        24   # BR(~chi_2+ -> ~chi_10  W+)
     2.87974302E-01    2     1000023        24   # BR(~chi_2+ -> ~chi_20  W+)
     1.74434345E-01    2     1000024        25   # BR(~chi_2+ -> ~chi_1+  h )
#
#         PDG            Width
DECAY   1000022     0.00000000E+00   # neutralino1 decays
#
#         PDG            Width
DECAY   1000023     2.10124275E-02   # neutralino2 decays
#          BR         NDA      ID1       ID2
     3.21611671E-02    2     2000011       -11   # BR(~chi_20 -> ~e_R-     e+)
     3.21611671E-02    2    -2000011        11   # BR(~chi_20 -> ~e_R+     e-)
     3.21611671E-02    2     2000013       -13   # BR(~chi_20 -> ~mu_R-    mu+)
     3.21611671E-02    2    -2000013        13   # BR(~chi_20 -> ~mu_R+    mu-)
     4.35677666E-01    2     1000015       -15   # BR(~chi_20 -> ~tau_1-   tau+)
     4.35677666E-01    2    -1000015        15   # BR(~chi_20 -> ~tau_1+   tau-)
#
#         PDG            Width
DECAY   1000025     1.95675663E+00   # neutralino3 decays
#          BR         NDA      ID1       ID2
     1.14917107E-01    2     1000022        23   # BR(~chi_30 -> ~chi_10   Z )
     2.15029680E-01    2     1000023        23   # BR(~chi_30 -> ~chi_20   Z )
     2.93173250E-01    2     1000024       -24   # BR(~chi_30 -> ~chi_1+   W-)
     2.93173250E-01    2    -1000024        24   # BR(~chi_30 -> ~chi_1-   W+)
     2.13018926E-02    2     1000022        25   # BR(~chi_30 -> ~chi_10   h )
     1.20819312E-02    2     1000023        25   # BR(~chi_30 -> ~chi_20   h )
     5.87850183E-04    2     1000011       -11   # BR(~chi_30 -> ~e_L-     e+)
     5.87850183E-04    2    -1000011        11   # BR(~chi_30 -> ~e_L+     e-)
     1.25827143E-03    2     2000011       -11   # BR(~chi_30 -> ~e_R-     e+)
     1.25827143E-03    2    -2000011        11   # BR(~chi_30 -> ~e_R+     e-)
     5.87850183E-04    2     1000013       -13   # BR(~chi_30 -> ~mu_L-    mu+)
     5.87850183E-04    2    -1000013        13   # BR(~chi_30 -> ~mu_L+    mu-)
     1.25827143E-03    2     2000013       -13   # BR(~chi_30 -> ~mu_R-    mu+)
     1.25827143E-03    2    -2000013        13   # BR(~chi_30 -> ~mu_R+    mu-)
     5.06577737E-03    2     1000015       -15   # BR(~chi_30 -> ~tau_1-   tau+)
     5.06577737E-03    2    -1000015        15   # BR(~chi_30 -> ~tau_1+   tau-)
     6.65089462E-03    2     2000015       -15   # BR(~chi_30 -> ~tau_2-   tau+)
     6.65089462E-03    2    -2000015        15   # BR(~chi_30 -> ~tau_2+   tau-)
     3.24302652E-03    2     1000012       -12   # BR(~chi_30 -> ~nu_eL    nu_eb)
     3.24302652E-03    2    -1000012        12   # BR(~chi_30 -> ~nu_eL*   nu_e )
     3.24302652E-03    2     1000014       -14   # BR(~chi_30 -> ~nu_muL   nu_mub)
     3.24302652E-03    2    -1000014        14   # BR(~chi_30 -> ~nu_muL*  nu_mu )
     3.26647638E-03    2     1000016       -16   # BR(~chi_30 -> ~nu_tau1  nu_taub)
     3.26647638E-03    2    -1000016        16   # BR(~chi_30 -> ~nu_tau1* nu_tau )
#
#         PDG            Width
DECAY   1000035     2.65799064E+00   # neutralino4 decays
#          BR         NDA      ID1       ID2
     2.11078062E-02    2     1000022        23   # BR(~chi_40 -> ~chi_10   Z )
     1.88339575E-02    2     1000023        23   # BR(~chi_40 -> ~chi_20   Z )
     2.54887697E-01    2     1000024       -24   # BR(~chi_40 -> ~chi_1+   W-)
     2.54887697E-01    2    -1000024        24   # BR(~chi_40 -> ~chi_1-   W+)
     6.83093788E-02    2     1000022        25   # BR(~chi_40 -> ~chi_10   h )
     1.37523857E-01    2     1000023        25   # BR(~chi_40 -> ~chi_20   h )
     9.74506671E-03    2     1000011       -11   # BR(~chi_40 -> ~e_L-     e+)
     9.74506671E-03    2    -1000011        11   # BR(~chi_40 -> ~e_L+     e-)
     3.79618630E-03    2     2000011       -11   # BR(~chi_40 -> ~e_R-     e+)
     3.79618630E-03    2    -2000011        11   # BR(~chi_40 -> ~e_R+     e-)
     9.74506671E-03    2     1000013       -13   # BR(~chi_40 -> ~mu_L-    mu+)
     9.74506671E-03    2    -1000013        13   # BR(~chi_40 -> ~mu_L+    mu-)
     3.79618630E-03    2     2000013       -13   # BR(~chi_40 -> ~mu_R-    mu+)
     3.79618630E-03    2    -2000013        13   # BR(~chi_40 -> ~mu_R+    mu-)
     2.61778135E-03    2     1000015       -15   # BR(~chi_40 -> ~tau_1-   tau+)
     2.61778135E-03    2    -1000015        15   # BR(~chi_40 -> ~tau_1+   tau-)
     1.61376686E-02    2     2000015       -15   # BR(~chi_40 -> ~tau_2-   tau+)
     1.61376686E-02    2    -2000015        15   # BR(~chi_40 -> ~tau_2+   tau-)
     2.54083031E-02    2     1000012       -12   # BR(~chi_40 -> ~nu_eL    nu_eb)
     2.54083031E-02    2    -1000012        12   # BR(~chi_40 -> ~nu_eL*   nu_e )
     2.54083031E-02    2     1000014       -14   # BR(~chi_40 -> ~nu_muL   nu_mub)
     2.54083031E-02    2    -1000014        14   # BR(~chi_40 -> ~nu_muL*  nu_mu )
     2.55702407E-02    2     1000016       -16   # BR(~chi_40 -> ~nu_tau1  nu_taub)
     2.55702407E-02    2    -1000016        16   # BR(~chi_40 -> ~nu_tau1* nu_tau )
#
#         PDG            Width
DECAY        25     3.58203955E-03   # h decays
#          BR         NDA      ID1       ID2
     7.99119676E-01    2           5        -5   # BR(h -> b       bb     )
     7.92046802E-02    2         -15        15   # BR(h -> tau+    tau-   )
     2.80454654E-04    2         -13        13   # BR(h -> mu+     mu-    )
     5.66695092E-04    2           3        -3   # BR(h -> s       sb     )
     1.98906283E-02    2           4        -4   # BR(h -> c       cb     )
     5.72992953E-02    2          21        21   # BR(h -> g       g      )
     1.54570297E-03    2          22        22   # BR(h -> gam     gam    )
     3.26128052E-04    2          22        23   # BR(h -> Z       gam    )
     3.82131379E-02    2          24       -24   # BR(h -> W+      W-     )
     3.55360147E-03    2          23        23   # BR(h -> Z       Z      )
#
#         PDG            Width
DECAY        35     8.35810601E-01   # H decays
#          BR         NDA      ID1       ID2
     6.73472521E-01    2           5        -5   # BR(H -> b       bb     )
     9.36067562E-02    2         -15        15   # BR(H -> tau+    tau-   )
     3.30976342E-04    2         -13        13   # BR(H -> mu+     mu-    )
     5.11789792E-04    2           3        -3   # BR(H -> s       sb     )
     3.15787490E-06    2           4        -4   # BR(H -> c       cb     )
     6.25969325E-02    2           6        -6   # BR(H -> t       tb     )
     1.11689925E-03    2          21        21   # BR(H -> g       g      )
     7.62372226E-06    2          22        22   # BR(H -> gam     gam    )
     4.60209462E-07    2          23        22   # BR(H -> Z       gam    )
     2.68922504E-03    2          24       -24   # BR(H -> W+      W-     )
     1.25529375E-03    2          23        23   # BR(H -> Z       Z      )
     1.24636692E-02    2          25        25   # BR(H -> h       h      )
     6.40942845E-21    2          36        36   # BR(H -> A       A      )
     1.31559725E-14    2          23        36   # BR(H -> Z       A      )
     4.25035277E-02    2     1000024  -1000024   # BR(H -> ~chi_1+ ~chi_1-)
     1.86413657E-02    2     1000022   1000022   # BR(H -> ~chi_10 ~chi_10)
     1.58136600E-02    2     1000023   1000023   # BR(H -> ~chi_20 ~chi_20)
     5.56137309E-02    2     1000022   1000023   # BR(H -> ~chi_10 ~chi_20)
     4.28116869E-04    2     2000011  -2000011   # BR(H -> ~e_R-   ~e_R+  )
     4.28116869E-04    2     2000013  -2000013   # BR(H -> ~mu_R-  ~mu_R+ )
     5.45404637E-03    2     1000015  -1000015   # BR(H -> ~tau_1- ~tau_1+)
     4.86780755E-03    2     1000015  -2000015   # BR(H -> ~tau_1- ~tau_2+)
     4.86780755E-03    2     2000015  -1000015   # BR(H -> ~tau_2- ~tau_1+)
     1.10883851E-03    2     1000012  -1000012   # BR(H -> ~nu_eL  ~nu_eL*   )
     1.10883851E-03    2     1000014  -1000014   # BR(H -> ~nu_muL ~nu_muL*  )
     1.10883851E-03    2     1000016  -1000016   # BR(H -> ~nu_tauL ~nu_tauL*)
#
#         PDG            Width
DECAY        36     1.28262213E+00   # A decays
#          BR         NDA      ID1       ID2
     4.39870489E-01    2           5        -5   # BR(A -> b       bb     )
     6.10975734E-02    2         -15        15   # BR(A -> tau+    tau-   )
     2.16012682E-04    2         -13        13   # BR(A -> mu+     mu-    )
     3.34329309E-04    2           3        -3   # BR(A -> s       sb     )
     1.66990660E-06    2           4        -4   # BR(A -> c       cb     )
     1.20299639E-01    2           6        -6   # BR(A -> t       tb     )
     5.85020019E-04    2          21        21   # BR(A -> g       g      )
     1.26942316E-06    2          22        22   # BR(A -> gam     gam    )
     3.68881814E-07    2          23        22   # BR(A -> Z       gam    )
     1.42322322E-03    2          23        25   # BR(A -> Z       h      )
     1.91461086E-01    2     1000024  -1000024   # BR(A -> ~chi_1+ ~chi_1-)
     1.87152408E-02    2     1000022   1000022   # BR(A -> ~chi_10 ~chi_10)
     7.38071100E-02    2     1000023   1000023   # BR(A -> ~chi_20 ~chi_20)
     8.31094893E-02    2     1000022   1000023   # BR(A -> ~chi_10 ~chi_20)
     4.53873944E-03    2     1000015  -2000015   # BR(A -> ~tau_1- ~tau_2+)
     4.53873944E-03    2    -1000015   2000015   # BR(A -> ~tau_1+ ~tau_2-)
#
#         PDG            Width
DECAY        37     8.34847304E-01   # H+ decays
#          BR         NDA      ID1       ID2
     9.86697095E-04    2           4        -5   # BR(H+ -> c       bb     )
     9.58349066E-02    2         -15        16   # BR(H+ -> tau+    nu_tau )
     3.38827233E-04    2         -13        14   # BR(H+ -> mu+     nu_mu  )
     6.31449918E-06    2           2        -5   # BR(H+ -> u       bb     )
     2.47859100E-05    2           2        -3   # BR(H+ -> u       sb     )
     5.12267194E-04    2           4        -3   # BR(H+ -> c       sb     )
     7.12237766E-01    2           6        -5   # BR(H+ -> t       bb     )
     2.48678757E-03    2          24        25   # BR(H+ -> W+      h      )
     6.17984974E-08    2          24        36   # BR(H+ -> W+      A      )
     1.66041508E-01    2     1000024   1000022   # BR(H+ -> ~chi_1+ ~chi_10)
     1.28163189E-03    2     1000024   1000023   # BR(H+ -> ~chi_1+ ~chi_20)
     9.66378732E-04    2    -1000011   1000012   # BR(H+ -> ~e_L+   ~nu_eL )
     9.66378732E-04    2    -1000013   1000014   # BR(H+ -> ~mu_L+  ~nu_muL)
     1.83017124E-02    2    -1000015   1000016   # BR(H+ -> ~tau_1+ ~nu_tauL)
     1.39758526E-05    2    -2000015   1000016   # BR(H+ -> ~tau_2+ ~nu_tauL)
