#
#                              ======================
#                              | THE SUSYHIT OUTPUT |
#                              ======================
#
#
#              ------------------------------------------------------
#              |     This is the output of the SUSY-HIT package     |
#              |  created by A.Djouadi, M.Muehlleitner and M.Spira. |
#              |  In case of problems with SUSY-HIT email to        |
#              |           margarete.muehlleitner@kit.edu           |
#              |           michael.spira@psi.ch                     |
#              |           abdelhak.djouadi@cern.ch                 |
#              ------------------------------------------------------
#
#              ------------------------------------------------------
#              |  SUSY Les Houches Accord - MSSM Spectrum + Decays  |
#              |              based on the decay programs           |
#              |                                                    |
#              |                     SDECAY 1.4                     |
#              |                                                    |
#              |  Authors: M.Muhlleitner, A.Djouadi and Y.Mambrini  |
#              |  Ref.:    Comput.Phys.Commun.168(2005)46           |
#              |           [hep-ph/0311167]                         |
#              |                                                    |
#              |                     HDECAY 3.4                     |
#              |                                                    |
#              |  By: A.Djouadi,J.Kalinowski,M.Muhlleitner,M.Spira  |
#              |  Ref.:    Comput.Phys.Commun.108(1998)56           |
#              |           [hep-ph/9704448]                         |
#              |                                                    |
#              |                                                    |
#              |  If not stated otherwise all DRbar couplings and   |
#              |  soft SUSY breaking masses are given at the scale  |
#              |  Q=  0.46793628E+03
#              |                                                    |
#              ------------------------------------------------------
#
#
BLOCK DCINFO  # Decay Program information
     1   SDECAY/HDECAY # decay calculator
     2   1.4  /3.4    # version number
#
BLOCK SPINFO  # Spectrum calculator information
     1    SOFTSUSY    # spectrum calculator                
     2    3.4.1       # version number                     
#
BLOCK MODSEL  # Model selection
     1     1   #  sugra                                            
#
BLOCK SMINPUTS  # Standard Model inputs
         1     1.27916000E+02   # alpha_em^-1(M_Z)^MSbar
         2     1.16637000E-05   # G_F [GeV^-2]
         3     1.18400000E-01   # alpha_S(M_Z)^MSbar
         4     9.11876000E+01   # M_Z pole mass
         5     4.18000000E+00   # mb(mb)^MSbar
         6     1.73500000E+02   # mt pole mass
         7     1.77699000E+00   # mtau pole mass
#
BLOCK MINPAR  # Input parameters - minimal models
         1     1.00000000E+02   # m0                  
         2     2.50000000E+02   # m12                 
         3     1.00000000E+01   # tanb                
         4     1.00000000E+00   # sign(mu)            
         5    -1.00000000E+02   # A0                  
#
BLOCK EXTPAR  # Input parameters - non-minimal models
         0     2.41141415E+16   # MX                  
#
BLOCK MASS  # Mass Spectrum
# PDG code           mass       particle
#        24     8.04121055E+01   # W+
        25     1.10339239E+02   # h
        35     3.98030254E+02   # H
        36     3.97630433E+02   # A
        37     4.05963505E+02   # H+
#         5     4.81905925E+00   # b-quark pole mass calculated from mb(mb)_Msbar
   1000001     5.70733612E+02   # ~d_L
   2000001     5.48382250E+02   # ~d_R
   1000002     5.65311563E+02   # ~u_L
   2000002     5.48555230E+02   # ~u_R
   1000003     5.70733612E+02   # ~s_L
   2000003     5.48382250E+02   # ~s_R
   1000004     5.65311563E+02   # ~c_L
   2000004     5.48555230E+02   # ~c_R
   1000005     5.16433150E+02   # ~b_1
   2000005     5.48215739E+02   # ~b_2
   1000006     4.01202881E+02   # ~t_1
   2000006     5.87300491E+02   # ~t_2
   1000011     2.02349772E+02   # ~e_L
   2000011     1.44059825E+02   # ~e_R
   1000012     1.86168430E+02   # ~nu_eL
   1000013     2.02349772E+02   # ~mu_L
   2000013     1.44059825E+02   # ~mu_R
   1000014     1.86168430E+02   # ~nu_muL
   1000015     1.34430335E+02   # ~tau_1
   2000015     2.06342642E+02   # ~tau_2
   1000016     1.85227186E+02   # ~nu_tauL
   1000021     6.12059739E+02   # ~g
   1000022     9.70071979E+01   # ~chi_10
   1000023     1.80337030E+02   # ~chi_20
   1000025    -3.62660510E+02   # ~chi_30
   1000035     3.80172032E+02   # ~chi_40
   1000024     1.79896424E+02   # ~chi_1+
   1000037     3.81249242E+02   # ~chi_2+
#
BLOCK NMIX  # Neutralino Mixing Matrix
  1  1     9.85555917E-01   # N_11
  1  2    -5.66173888E-02   # N_12
  1  3     1.49834955E-01   # N_13
  1  4    -5.49862804E-02   # N_14
  2  1     1.05048014E-01   # N_21
  2  2     9.41850539E-01   # N_22
  2  3    -2.76640170E-01   # N_23
  2  4     1.59225287E-01   # N_24
  3  1    -6.07509457E-02   # N_31
  3  2     9.06495576E-02   # N_32
  3  3     6.94745499E-01   # N_33
  3  4     7.10929442E-01   # N_34
  4  1    -1.18126081E-01   # N_41
  4  2     3.18582313E-01   # N_42
  4  3     6.46798572E-01   # N_43
  4  4    -6.82790704E-01   # N_44
#
BLOCK UMIX  # Chargino Mixing Matrix U
  1  1     9.14369310E-01   # U_11
  1  2    -4.04881175E-01   # U_12
  2  1     4.04881175E-01   # U_21
  2  2     9.14369310E-01   # U_22
#
BLOCK VMIX  # Chargino Mixing Matrix V
  1  1     9.72105190E-01   # V_11
  1  2    -2.34545306E-01   # V_12
  2  1     2.34545306E-01   # V_21
  2  2     9.72105190E-01   # V_22
#
BLOCK STOPMIX  # Stop Mixing Matrix
  1  1     5.57107715E-01   # cos(theta_t)
  1  2     8.30440241E-01   # sin(theta_t)
  2  1    -8.30440241E-01   # -sin(theta_t)
  2  2     5.57107715E-01   # cos(theta_t)
#
BLOCK SBOTMIX  # Sbottom Mixing Matrix
  1  1     9.48761043E-01   # cos(theta_b)
  1  2     3.15994436E-01   # sin(theta_b)
  2  1    -3.15994436E-01   # -sin(theta_b)
  2  2     9.48761043E-01   # cos(theta_b)
#
BLOCK STAUMIX  # Stau Mixing Matrix
  1  1     2.84240554E-01   # cos(theta_tau)
  1  2     9.58752996E-01   # sin(theta_tau)
  2  1    -9.58752996E-01   # -sin(theta_tau)
  2  2     2.84240554E-01   # cos(theta_tau)
#
BLOCK ALPHA  # Higgs mixing
          -1.13960013E-01   # Mixing angle in the neutral Higgs boson sector
#
BLOCK HMIX Q=  4.67936284E+02  # DRbar Higgs Parameters
         1     3.55177772E+02   # mu(Q)MSSM           
         2     9.75190558E+00   # tan                 
         3     2.44925498E+02   # higgs               
         4     1.64878120E+05   # mA^2(Q)MSSM         
#
BLOCK GAUGE Q=  4.67936284E+02  # The gauge couplings
     1     3.61050550E-01   # gprime(Q) DRbar
     2     6.46479498E-01   # g(Q) DRbar
     3     1.10057606E+00   # g3(Q) DRbar
#
BLOCK AU Q=  4.67936284E+02  # The trilinear couplings
  1  1    -6.85725310E+02   # A_u(Q) DRbar
  2  2    -6.85721930E+02   # A_c(Q) DRbar
  3  3    -5.06872324E+02   # A_t(Q) DRbar
#
BLOCK AD Q=  4.67936284E+02  # The trilinear couplings
  1  1    -8.62445788E+02   # A_d(Q) DRbar
  2  2    -8.62442605E+02   # A_s(Q) DRbar
  3  3    -7.99752783E+02   # A_b(Q) DRbar
#
BLOCK AE Q=  4.67936284E+02  # The trilinear couplings
  1  1    -2.53548467E+02   # A_e(Q) DRbar
  2  2    -2.53542642E+02   # A_mu(Q) DRbar
  3  3    -2.51800487E+02   # A_tau(Q) DRbar
#
BLOCK Yu Q=  4.67936284E+02  # The Yukawa couplings
  1  1     0.00000000E+00   # y_u(Q) DRbar
  2  2     0.00000000E+00   # y_c(Q) DRbar
  3  3     8.83568885E-01   # y_t(Q) DRbar
#
BLOCK Yd Q=  4.67936284E+02  # The Yukawa couplings
  1  1     0.00000000E+00   # y_d(Q) DRbar
  2  2     0.00000000E+00   # y_s(Q) DRbar
  3  3     1.35835900E-01   # y_b(Q) DRbar
#
BLOCK Ye Q=  4.67936284E+02  # The Yukawa couplings
  1  1     0.00000000E+00   # y_e(Q) DRbar
  2  2     0.00000000E+00   # y_mu(Q) DRbar
  3  3     1.00934460E-01   # y_tau(Q) DRbar
#
BLOCK MSOFT Q=  4.67936284E+02  # The soft SUSY breaking masses at the scale Q
         1     1.01455804E+02   # M_1(Q)              
         2     1.91493309E+02   # M_2(Q)              
         3     5.88677240E+02   # M_3(Q)              
        21     3.25829107E+04   # M^2_Hd              
        22    -1.27051050E+05   # M^2_Hu              
        31     1.95428191E+02   # M_eL                
        32     1.95425401E+02   # M_muL               
        33     1.94591736E+02   # M_tauL              
        34     1.35948818E+02   # M_eR                
        35     1.35940667E+02   # M_muR               
        36     1.33488516E+02   # M_tauR              
        41     5.48000045E+02   # M_q1L               
        42     5.47998391E+02   # M_q2L               
        43     4.99789594E+02   # M_q3L               
        44     5.30100518E+02   # M_uR                
        45     5.30098831E+02   # M_cR                
        46     4.25266951E+02   # M_tR                
        47     5.28021238E+02   # M_dR                
        48     5.28019458E+02   # M_sR                
        49     5.24894459E+02   # M_bR                
#
#
#
#                             =================
#                             |The decay table|
#                             =================
#
#   COPIED FROM ANOTHER FILE (sps1a.spc)
#   20150121: Replaced back the original WIDTHS from SUSY-HIT
#
# - The multi-body decays for the inos, stops and sbottoms are included.
#
# - The SUSY decays of the top quark are included.
#
#
#         PDG            Width
#DECAY        23     2.41143316E+00   # Z width (SM calculation)
#DECAY        24     2.00282196E+00   # W width (SM calculation)
#
#         PDG            Width
DECAY         6     1.47981690E+00   # top decays
#          BR         NDA      ID1       ID2
     1.00000000E+00    2           5        24   # BR(t ->  b    W+)
     0.00000000E+00    2           5        37   # BR(t ->  b    H+)
     0.00000000E+00    2     1000006   1000022   # BR(t -> ~t_1 ~chi_10)
     0.00000000E+00    2     1000006   1000023   # BR(t -> ~t_1 ~chi_20)
     0.00000000E+00    2     1000006   1000025   # BR(t -> ~t_1 ~chi_30)
     0.00000000E+00    2     1000006   1000035   # BR(t -> ~t_1 ~chi_40)
     0.00000000E+00    2     2000006   1000022   # BR(t -> ~t_2 ~chi_10)
     0.00000000E+00    2     2000006   1000023   # BR(t -> ~t_2 ~chi_20)
     0.00000000E+00    2     2000006   1000025   # BR(t -> ~t_2 ~chi_30)
     0.00000000E+00    2     2000006   1000035   # BR(t -> ~t_2 ~chi_40)
#
#         PDG            Width
DECAY        25     3.58203955E-03   # h decays
#          BR         NDA      ID1       ID2
     1.45642955E-01    2          15       -15   # BR(H1 -> tau- tau+)
     8.19070713E-01    2           5        -5   # BR(H1 -> b bb)
     3.36338173E-02    2          24       -24   # BR(H1 -> W+ W-)
     1.65251528E-03    2          23        23   # BR(H1 -> Z Z)
#
#         PDG            Width
DECAY        35     8.35810601E-01   # H decays
#          BR         NDA      ID1       ID2
     1.39072676E-01    2          15       -15   # BR(H -> tau- tau+)
     4.84110879E-02    2           6        -6   # BR(H -> t tb)
     7.89500067E-01    2           5        -5   # BR(H -> b bb)
     3.87681171E-03    2          24       -24   # BR(H -> W+ W-)
     1.80454752E-03    2          23        23   # BR(H -> Z Z)
     0.00000000E+00    2          24       -37   # BR(H -> W+ H-)
     0.00000000E+00    2         -24        37   # BR(H -> W- H+)
     0.00000000E+00    2          37       -37   # BR(H -> H+ H-)
     1.73348101E-02    2          25        25   # BR(H -> h h)
     0.00000000E+00    2          36        36   # BR(H -> A A)
#
#         PDG            Width
DECAY        36     1.28262213E+00   # A decays
#          BR         NDA      ID1       ID2
     1.26659725E-01    2          15       -15   # BR(A -> tau- tau+)
     1.51081526E-01    2           6        -6   # BR(A -> t tb)
     7.19406137E-01    2           5        -5   # BR(A -> b bb)
     2.85261228E-03    2          23        25   # BR(A -> Z h)
     0.00000000E+00    2          23        35   # BR(A -> Z H)
     0.00000000E+00    2          24       -37   # BR(A -> W+ H-)
     0.00000000E+00    2         -24        37   # BR(A -> W- H+)
#
#         PDG            Width
DECAY        37     8.34847304E-01   # H+ decays
#          BR         NDA      ID1       ID2
     1.49435135E-01    2         -15        16   # BR(H+ -> tau+ nu_tau)
     8.46811711E-01    2           6        -5   # BR(H+ -> t bb)
     3.75315387E-03    2          24        25   # BR(H+ -> W+ h)
     0.00000000E+00    2          24        35   # BR(H+ -> W+ H)
     0.00000000E+00    2          24        36   # BR(H+ -> W+ A)
#
#         PDG            Width
DECAY   1000021     5.03757597E+00   # gluino decays
#          BR         NDA      ID1       ID2
     2.08454202E-02    2     1000001        -1   # BR(~g -> ~d_L  db)
     2.08454202E-02    2    -1000001         1   # BR(~g -> ~d_L* d )
     5.07075274E-02    2     2000001        -1   # BR(~g -> ~d_R  db)
     5.07075274E-02    2    -2000001         1   # BR(~g -> ~d_R* d )
     2.89787767E-02    2     1000002        -2   # BR(~g -> ~u_L  ub)
     2.89787767E-02    2    -1000002         2   # BR(~g -> ~u_L* u )
     4.46872773E-02    2     2000002        -2   # BR(~g -> ~u_R  ub)
     4.46872773E-02    2    -2000002         2   # BR(~g -> ~u_R* u )
     2.08454202E-02    2     1000003        -3   # BR(~g -> ~s_L  sb)
     2.08454202E-02    2    -1000003         3   # BR(~g -> ~s_L* s )
     5.07075274E-02    2     2000003        -3   # BR(~g -> ~s_R  sb)
     5.07075274E-02    2    -2000003         3   # BR(~g -> ~s_R* s )
     2.89787767E-02    2     1000004        -4   # BR(~g -> ~c_L  cb)
     2.89787767E-02    2    -1000004         4   # BR(~g -> ~c_L* c )
     4.46872773E-02    2     2000004        -4   # BR(~g -> ~c_R  cb)
     4.46872773E-02    2    -2000004         4   # BR(~g -> ~c_R* c )
     1.05840237E-01    2     1000005        -5   # BR(~g -> ~b_1  bb)
     1.05840237E-01    2    -1000005         5   # BR(~g -> ~b_1* b )
     5.56574805E-02    2     2000005        -5   # BR(~g -> ~b_2  bb)
     5.56574805E-02    2    -2000005         5   # BR(~g -> ~b_2* b )
     4.80642793E-02    2     1000006        -6   # BR(~g -> ~t_1  tb)
     4.80642793E-02    2    -1000006         6   # BR(~g -> ~t_1* t )
     0.00000000E+00    2     2000006        -6   # BR(~g -> ~t_2  tb)
     0.00000000E+00    2    -2000006         6   # BR(~g -> ~t_2* t )
#
#         PDG            Width
DECAY   1000006     2.10591755E+00   # stop1 decays
#          BR         NDA      ID1       ID2
     0.00000000E+00    2     1000022         6   # BR(~t_1 -> ~chi_10 t )
     1.00000000E+00    2     1000023         6   # BR(~t_1 -> ~chi_20 t )
     0.00000000E+00    2     1000025         6   # BR(~t_1 -> ~chi_30 t )
     0.00000000E+00    2     1000035         6   # BR(~t_1 -> ~chi_40 t )
     0.00000000E+00    2     1000024         5   # BR(~t_1 -> ~chi_1+ b )
     0.00000000E+00    2     1000037         5   # BR(~t_1 -> ~chi_2+ b )
     0.00000000E+00    2     1000021         6   # BR(~t_1 -> ~g      t )
     0.00000000E+00    2     1000005        37   # BR(~t_1 -> ~b_1    H+)
     0.00000000E+00    2     2000005        37   # BR(~t_1 -> ~b_2    H+)
     0.00000000E+00    2     1000005        24   # BR(~t_1 -> ~b_1    W+)
     0.00000000E+00    2     2000005        24   # BR(~t_1 -> ~b_2    W+)
#
#         PDG            Width
DECAY   2000006     7.31536783E+00   # stop2 decays
#          BR         NDA      ID1       ID2
     0.00000000E+00    2     1000022         6   # BR(~t_2 -> ~chi_10 t )
     1.00000000E+00    2     1000023         6   # BR(~t_2 -> ~chi_20 t )
     0.00000000E+00    2     1000025         6   # BR(~t_2 -> ~chi_30 t )
     0.00000000E+00    2     1000035         6   # BR(~t_2 -> ~chi_40 t )
     0.00000000E+00    2     1000024         5   # BR(~t_2 -> ~chi_1+ b )
     0.00000000E+00    2     1000037         5   # BR(~t_2 -> ~chi_2+ b )
     0.00000000E+00    2     1000021         6   # BR(~t_2 -> ~g      t )
     0.00000000E+00    2     1000006        25   # BR(~t_2 -> ~t_1    h )
     0.00000000E+00    2     1000006        35   # BR(~t_2 -> ~t_1    H )
     0.00000000E+00    2     1000006        36   # BR(~t_2 -> ~t_1    A )
     0.00000000E+00    2     1000005        37   # BR(~t_2 -> ~b_1    H+)
     0.00000000E+00    2     2000005        37   # BR(~t_2 -> ~b_2    H+)
     0.00000000E+00    2     1000006        23   # BR(~t_2 -> ~t_1    Z )
     0.00000000E+00    2     1000005        24   # BR(~t_2 -> ~b_1    W+)
     0.00000000E+00    2     2000005        24   # BR(~t_2 -> ~b_2    W+)
#
#         PDG            Width
DECAY   1000005     3.81925205E+00   # sbottom1 decays
#          BR         NDA      ID1       ID2
     0.00000000E+00    2     1000022         5   # BR(~b_1 -> ~chi_10 b )
     1.00000000E+00    2     1000023         5   # BR(~b_1 -> ~chi_20 b )
     0.00000000E+00    2     1000025         5   # BR(~b_1 -> ~chi_30 b )
     0.00000000E+00    2     1000035         5   # BR(~b_1 -> ~chi_40 b )
     0.00000000E+00    2    -1000024         6   # BR(~b_1 -> ~chi_1- t )
     0.00000000E+00    2    -1000037         6   # BR(~b_1 -> ~chi_2- t )
     0.00000000E+00    2     1000021         5   # BR(~b_1 -> ~g      b )
     0.00000000E+00    2     1000006       -37   # BR(~b_1 -> ~t_1    H-)
     0.00000000E+00    2     2000006       -37   # BR(~b_1 -> ~t_2    H-)
     0.00000000E+00    2     1000006       -24   # BR(~b_1 -> ~t_1    W-)
     0.00000000E+00    2     2000006       -24   # BR(~b_1 -> ~t_2    W-)
#
#         PDG            Width
DECAY   2000005     7.09499020E-01   # sbottom2 decays
#          BR         NDA      ID1       ID2
     0.00000000E+00    2     1000022         5   # BR(~b_2 -> ~chi_10 b )
     1.00000000E+00    2     1000023         5   # BR(~b_2 -> ~chi_20 b )
     0.00000000E+00    2     1000025         5   # BR(~b_2 -> ~chi_30 b )
     0.00000000E+00    2     1000035         5   # BR(~b_2 -> ~chi_40 b )
     0.00000000E+00    2    -1000024         6   # BR(~b_2 -> ~chi_1- t )
     0.00000000E+00    2    -1000037         6   # BR(~b_2 -> ~chi_2- t )
     0.00000000E+00    2     1000021         5   # BR(~b_2 -> ~g      b )
     0.00000000E+00    2     1000005        25   # BR(~b_2 -> ~b_1    h )
     0.00000000E+00    2     1000005        35   # BR(~b_2 -> ~b_1    H )
     0.00000000E+00    2     1000005        36   # BR(~b_2 -> ~b_1    A )
     0.00000000E+00    2     1000006       -37   # BR(~b_2 -> ~t_1    H-)
     0.00000000E+00    2     2000006       -37   # BR(~b_2 -> ~t_2    H-)
     0.00000000E+00    2     1000005        23   # BR(~b_2 -> ~b_1    Z )
     0.00000000E+00    2     1000006       -24   # BR(~b_2 -> ~t_1    W-)
     0.00000000E+00    2     2000006       -24   # BR(~b_2 -> ~t_2    W-)
#
#         PDG            Width
DECAY   1000002     5.37347425E+00   # sup_L decays
#          BR         NDA      ID1       ID2
     0.00000000E+00    2     1000022         2   # BR(~u_L -> ~chi_10 u)
     1.00000000E+00    2     1000023         2   # BR(~u_L -> ~chi_20 u)
     0.00000000E+00    2     1000025         2   # BR(~u_L -> ~chi_30 u)
     0.00000000E+00    2     1000035         2   # BR(~u_L -> ~chi_40 u)
     0.00000000E+00    2     1000024         1   # BR(~u_L -> ~chi_1+ d)
     0.00000000E+00    2     1000037         1   # BR(~u_L -> ~chi_2+ d)
     0.00000000E+00    2     1000021         2   # BR(~u_L -> ~g      u)
#
#         PDG            Width
DECAY   2000002     1.14018016E+00   # sup_R decays
#          BR         NDA      ID1       ID2
     0.00000000E+00    2     1000022         2   # BR(~u_R -> ~chi_10 u)
     1.00000000E+00    2     1000023         2   # BR(~u_R -> ~chi_20 u)
     0.00000000E+00    2     1000025         2   # BR(~u_R -> ~chi_30 u)
     0.00000000E+00    2     1000035         2   # BR(~u_R -> ~chi_40 u)
     0.00000000E+00    2     1000024         1   # BR(~u_R -> ~chi_1+ d)
     0.00000000E+00    2     1000037         1   # BR(~u_R -> ~chi_2+ d)
     0.00000000E+00    2     1000021         2   # BR(~u_R -> ~g      u)
#
#         PDG            Width
DECAY   1000001     5.16946067E+00   # sdown_L decays
#          BR         NDA      ID1       ID2
     0.00000000E+00    2     1000022         1   # BR(~d_L -> ~chi_10 d)
     1.00000000E+00    2     1000023         1   # BR(~d_L -> ~chi_20 d)
     0.00000000E+00    2     1000025         1   # BR(~d_L -> ~chi_30 d)
     0.00000000E+00    2     1000035         1   # BR(~d_L -> ~chi_40 d)
     0.00000000E+00    2    -1000024         2   # BR(~d_L -> ~chi_1- u)
     0.00000000E+00    2    -1000037         2   # BR(~d_L -> ~chi_2- u)
     0.00000000E+00    2     1000021         1   # BR(~d_L -> ~g      d)
#
#         PDG            Width
DECAY   2000001     2.84951966E-01   # sdown_R decays
#          BR         NDA      ID1       ID2
     0.00000000E-00    2     1000022         1   # BR(~d_R -> ~chi_10 d)
     1.00000000E-00    2     1000023         1   # BR(~d_R -> ~chi_20 d)
     0.00000000E-00    2     1000025         1   # BR(~d_R -> ~chi_30 d)
     0.00000000E-00    2     1000035         1   # BR(~d_R -> ~chi_40 d)
     0.00000000E-00    2    -1000024         2   # BR(~d_R -> ~chi_1- u)
     0.00000000E-00    2    -1000037         2   # BR(~d_R -> ~chi_2- u)
     0.00000000E-00    2     1000021         1   # BR(~d_R -> ~g      d)
#
#         PDG            Width
DECAY   1000004     5.37347425E+00   # scharm_L decays
#          BR         NDA      ID1       ID2
     0.00000000E-00    2     1000022         4   # BR(~c_L -> ~chi_10 c)
     1.00000000E-00    2     1000023         4   # BR(~c_L -> ~chi_20 c)
     0.00000000E-00    2     1000025         4   # BR(~c_L -> ~chi_30 c)
     0.00000000E-00    2     1000035         4   # BR(~c_L -> ~chi_40 c)
     0.00000000E-00    2     1000024         3   # BR(~c_L -> ~chi_1+ s)
     0.00000000E-00    2     1000037         3   # BR(~c_L -> ~chi_2+ s)
     0.00000000E-00    2     1000021         4   # BR(~c_L -> ~g      c)
#
#         PDG            Width
DECAY   2000004     1.14018016E+00   # scharm_R decays
#          BR         NDA      ID1       ID2
     0.00000000E-00    2     1000022         4   # BR(~c_R -> ~chi_10 c)
     1.00000000E-00    2     1000023         4   # BR(~c_R -> ~chi_20 c)
     0.00000000E-00    2     1000025         4   # BR(~c_R -> ~chi_30 c)
     0.00000000E-00    2     1000035         4   # BR(~c_R -> ~chi_40 c)
     0.00000000E-00    2     1000024         3   # BR(~c_R -> ~chi_1+ s)
     0.00000000E-00    2     1000037         3   # BR(~c_R -> ~chi_2+ s)
     0.00000000E-00    2     1000021         4   # BR(~c_R -> ~g      c)
#
#         PDG            Width
DECAY   1000003     5.16946067E+00   # sstrange_L decays
#          BR         NDA      ID1       ID2
     0.00000000E-00    2     1000022         3   # BR(~s_L -> ~chi_10 s)
     1.00000000E-00    2     1000023         3   # BR(~s_L -> ~chi_20 s)
     0.00000000E-00    2     1000025         3   # BR(~s_L -> ~chi_30 s)
     0.00000000E-00    2     1000035         3   # BR(~s_L -> ~chi_40 s)
     0.00000000E-00    2    -1000024         4   # BR(~s_L -> ~chi_1- c)
     0.00000000E-00    2    -1000037         4   # BR(~s_L -> ~chi_2- c)
     0.00000000E-00    2     1000021         3   # BR(~s_L -> ~g      s)
#
#         PDG            Width
DECAY   2000003     2.84951966E-01   # sstrange_R decays
#          BR         NDA      ID1       ID2
     0.00000000E-00    2     1000022         3   # BR(~s_R -> ~chi_10 s)
     1.00000000E-00    2     1000023         3   # BR(~s_R -> ~chi_20 s)
     0.00000000E-00    2     1000025         3   # BR(~s_R -> ~chi_30 s)
     0.00000000E-00    2     1000035         3   # BR(~s_R -> ~chi_40 s)
     0.00000000E-00    2    -1000024         4   # BR(~s_R -> ~chi_1- c)
     0.00000000E-00    2    -1000037         4   # BR(~s_R -> ~chi_2- c)
     0.00000000E-00    2     1000021         3   # BR(~s_R -> ~g      s)
#
#         PDG            Width
DECAY   1000011     2.19122391E-01   # selectron_L decays
#          BR         NDA      ID1       ID2
     1.00000000E-00    2     1000022        11   # BR(~e_L -> ~chi_10 e-)
     0.00000000E-00    2     1000023        11   # BR(~e_L -> ~chi_20 e-)
     0.00000000E-00    2     1000025        11   # BR(~e_L -> ~chi_30 e-)
     0.00000000E-00    2     1000035        11   # BR(~e_L -> ~chi_40 e-)
     0.00000000E-00    2    -1000024        12   # BR(~e_L -> ~chi_1- nu_e)
     0.00000000E-00    2    -1000037        12   # BR(~e_L -> ~chi_2- nu_e)
#
#         PDG            Width
DECAY   2000011     2.16807057E-01   # selectron_R decays
#          BR         NDA      ID1       ID2
     1.00000000E+00    2     1000022        11   # BR(~e_R -> ~chi_10 e-)
     0.00000000E+00    2     1000023        11   # BR(~e_R -> ~chi_20 e-)
     0.00000000E+00    2     1000025        11   # BR(~e_R -> ~chi_30 e-)
     0.00000000E+00    2     1000035        11   # BR(~e_R -> ~chi_40 e-)
     0.00000000E+00    2    -1000024        12   # BR(~e_R -> ~chi_1- nu_e)
     0.00000000E+00    2    -1000037        12   # BR(~e_R -> ~chi_2- nu_e)
#
#         PDG            Width
DECAY   1000013     2.19122391E-01   # smuon_L decays
#          BR         NDA      ID1       ID2
     1.00000000E+00    2     1000022        13   # BR(~mu_L -> ~chi_10 mu-)
     0.00000000E+00    2     1000023        13   # BR(~mu_L -> ~chi_20 mu-)
     0.00000000E+00    2     1000025        13   # BR(~mu_L -> ~chi_30 mu-)
     0.00000000E+00    2     1000035        13   # BR(~mu_L -> ~chi_40 mu-)
     0.00000000E+00    2    -1000024        14   # BR(~mu_L -> ~chi_1- nu_mu)
     0.00000000E+00    2    -1000037        14   # BR(~mu_L -> ~chi_2- nu_mu)
#
#         PDG            Width
DECAY   2000013     2.16807057E-01   # smuon_R decays
#          BR         NDA      ID1       ID2
     1.00000000E+00    2     1000022        13   # BR(~mu_R -> ~chi_10 mu-)
     0.00000000E+00    2     1000023        13   # BR(~mu_R -> ~chi_20 mu-)
     0.00000000E+00    2     1000025        13   # BR(~mu_R -> ~chi_30 mu-)
     0.00000000E+00    2     1000035        13   # BR(~mu_R -> ~chi_40 mu-)
     0.00000000E+00    2    -1000024        14   # BR(~mu_R -> ~chi_1- nu_mu)
     0.00000000E+00    2    -1000037        14   # BR(~mu_R -> ~chi_2- nu_mu)
#
#         PDG            Width
DECAY   1000015     1.48029175E-01   # stau_1 decays
#          BR         NDA      ID1       ID2
     1.00000000E+00    2     1000022        15   # BR(~tau_1 -> ~chi_10  tau-)
     0.00000000E+00    2     1000023        15   # BR(~tau_1 -> ~chi_20  tau-)
     0.00000000E+00    2     1000025        15   # BR(~tau_1 -> ~chi_30  tau-)
     0.00000000E+00    2     1000035        15   # BR(~tau_1 -> ~chi_40  tau-)
     0.00000000E+00    2    -1000024        16   # BR(~tau_1 -> ~chi_1-  nu_tau)
     0.00000000E+00    2    -1000037        16   # BR(~tau_1 -> ~chi_2-  nu_tau)
     0.00000000E+00    2     1000016       -37   # BR(~tau_1 -> ~nu_tauL H-)
     0.00000000E+00    2     1000016       -24   # BR(~tau_1 -> ~nu_tauL W-)
#
#         PDG            Width
DECAY   2000015     2.76023972E-01   # stau_2 decays
#          BR         NDA      ID1       ID2
     5.96653046E-01    2     1000022        15   # BR(~tau_2 -> ~chi_10  tau-)
     1.54536760E-01    2     1000023        15   # BR(~tau_2 -> ~chi_20  tau-)
     0.00000000E+00    2     1000025        15   # BR(~tau_2 -> ~chi_30  tau-)
     0.00000000E+00    2     1000035        15   # BR(~tau_2 -> ~chi_40  tau-)
     2.48810195E-01    2    -1000024        16   # BR(~tau_2 -> ~chi_1-  nu_tau)
     0.00000000E+00    2    -1000037        16   # BR(~tau_2 -> ~chi_2-  nu_tau)
     0.00000000E+00    2     1000016       -37   # BR(~tau_2 -> ~nu_tauL H-)
     0.00000000E+00    2     1000016       -24   # BR(~tau_2 -> ~nu_tauL W-)
     0.00000000E+00    2     1000015        25   # BR(~tau_2 -> ~tau_1 h)
     0.00000000E+00    2     1000015        35   # BR(~tau_2 -> ~tau_1 H)
     0.00000000E+00    2     1000015        36   # BR(~tau_2 -> ~tau_1 A)
     0.00000000E+00    2     1000015        23   # BR(~tau_2 -> ~tau_1 Z)
#
#         PDG            Width
DECAY   1000012     1.60066311E-01   # snu_eL decays
#          BR         NDA      ID1       ID2
     9.77700764E-01    2     1000022        12   # BR(~nu_eL -> ~chi_10 nu_e)
     8.11554922E-03    2     1000023        12   # BR(~nu_eL -> ~chi_20 nu_e)
     0.00000000E+00    2     1000025        12   # BR(~nu_eL -> ~chi_30 nu_e)
     0.00000000E+00    2     1000035        12   # BR(~nu_eL -> ~chi_40 nu_e)
     1.41836867E-02    2     1000024        11   # BR(~nu_eL -> ~chi_1+ e-)
     0.00000000E+00    2     1000037        11   # BR(~nu_eL -> ~chi_2+ e-)
#
#         PDG            Width
DECAY   1000014     1.60066311E-01   # snu_muL decays
#          BR         NDA      ID1       ID2
     9.77700764E-01    2     1000022        14   # BR(~nu_muL -> ~chi_10 nu_mu)
     8.11554922E-03    2     1000023        14   # BR(~nu_muL -> ~chi_20 nu_mu)
     0.00000000E+00    2     1000025        14   # BR(~nu_muL -> ~chi_30 nu_mu)
     0.00000000E+00    2     1000035        14   # BR(~nu_muL -> ~chi_40 nu_mu)
     1.41836867E-02    2     1000024        13   # BR(~nu_muL -> ~chi_1+ mu-)
     0.00000000E+00    2     1000037        13   # BR(~nu_muL -> ~chi_2+ mu-)
#
#         PDG            Width
DECAY   1000016     1.55314271E-01   # snu_tauL decays
#          BR         NDA      ID1       ID2
     9.85994529E-01    2     1000022        16   # BR(~nu_tauL -> ~chi_10 nu_tau)
     6.25129612E-03    2     1000023        16   # BR(~nu_tauL -> ~chi_20 nu_tau)
     0.00000000E+00    2     1000025        16   # BR(~nu_tauL -> ~chi_30 nu_tau)
     0.00000000E+00    2     1000035        16   # BR(~nu_tauL -> ~chi_40 nu_tau)
     7.75417479E-03    2     1000024        15   # BR(~nu_tauL -> ~chi_1+ tau-)
     0.00000000E+00    2     1000037        15   # BR(~nu_tauL -> ~chi_2+ tau-)
     0.00000000E+00    2    -1000015       -37   # BR(~nu_tauL -> ~tau_1+ H-)
     0.00000000E+00    2    -2000015       -37   # BR(~nu_tauL -> ~tau_2+ H-)
     0.00000000E+00    2    -1000015       -24   # BR(~nu_tauL -> ~tau_1+ W-)
     0.00000000E+00    2    -2000015       -24   # BR(~nu_tauL -> ~tau_2+ W-)
#
#         PDG            Width
DECAY   1000024     1.56313855E-02   # chargino1+ decays
#          BR         NDA      ID1       ID2
     0.00000000E+00    2     1000002        -1   # BR(~chi_1+ -> ~u_L   db)
     0.00000000E+00    2     2000002        -1   # BR(~chi_1+ -> ~u_R   db)
     0.00000000E+00    2    -1000001         2   # BR(~chi_1+ -> ~d_L*  u )
     0.00000000E+00    2    -2000001         2   # BR(~chi_1+ -> ~d_R*  u )
     0.00000000E+00    2     1000004        -3   # BR(~chi_1+ -> ~c_L   sb)
     0.00000000E+00    2     2000004        -3   # BR(~chi_1+ -> ~c_R   sb)
     0.00000000E+00    2    -1000003         4   # BR(~chi_1+ -> ~s_L*  c )
     0.00000000E+00    2    -2000003         4   # BR(~chi_1+ -> ~s_R*  c )
     0.00000000E+00    2     1000006        -5   # BR(~chi_1+ -> ~t_1   bb)
     0.00000000E+00    2     2000006        -5   # BR(~chi_1+ -> ~t_2   bb)
     0.00000000E+00    2    -1000005         6   # BR(~chi_1+ -> ~b_1*  t )
     0.00000000E+00    2    -2000005         6   # BR(~chi_1+ -> ~b_2*  t )
     0.00000000E+00    2     1000012       -11   # BR(~chi_1+ -> ~nu_eL  e+  )
     0.00000000E+00    2     1000014       -13   # BR(~chi_1+ -> ~nu_muL  mu+ )
     0.00000000E+00    2     1000016       -15   # BR(~chi_1+ -> ~nu_tau1 tau+)
     0.00000000E+00    2    -1000011        12   # BR(~chi_1+ -> ~e_L+    nu_e)
     0.00000000E+00    2    -2000011        12   # BR(~chi_1+ -> ~e_R+    nu_e)
     0.00000000E+00    2    -1000013        14   # BR(~chi_1+ -> ~mu_L+   nu_mu)
     0.00000000E+00    2    -2000013        14   # BR(~chi_1+ -> ~mu_R+   nu_mu)
     9.25161117E-01    2    -1000015        16   # BR(~chi_1+ -> ~tau_1+  nu_tau)
     0.00000000E+00    2    -2000015        16   # BR(~chi_1+ -> ~tau_2+  nu_tau)
     7.48388828E-02    2     1000022        24   # BR(~chi_1+ -> ~chi_10  W+)
     0.00000000E+00    2     1000023        24   # BR(~chi_1+ -> ~chi_20  W+)
     0.00000000E+00    2     1000025        24   # BR(~chi_1+ -> ~chi_30  W+)
     0.00000000E+00    2     1000035        24   # BR(~chi_1+ -> ~chi_40  W+)
     0.00000000E+00    2     1000022        37   # BR(~chi_1+ -> ~chi_10  H+)
     0.00000000E+00    2     1000023        37   # BR(~chi_1+ -> ~chi_20  H+)
     0.00000000E+00    2     1000025        37   # BR(~chi_1+ -> ~chi_30  H+)
     0.00000000E+00    2     1000035        37   # BR(~chi_1+ -> ~chi_40  H+)
#
#         PDG            Width
DECAY   1000037     2.54227841E+00   # chargino2+ decays
#          BR         NDA      ID1       ID2
     0.00000000E+00    2     1000002        -1   # BR(~chi_2+ -> ~u_L   db)
     0.00000000E+00    2     2000002        -1   # BR(~chi_2+ -> ~u_R   db)
     0.00000000E+00    2    -1000001         2   # BR(~chi_2+ -> ~d_L*  u )
     0.00000000E+00    2    -2000001         2   # BR(~chi_2+ -> ~d_R*  u )
     0.00000000E+00    2     1000004        -3   # BR(~chi_2+ -> ~c_L   sb)
     0.00000000E+00    2     2000004        -3   # BR(~chi_2+ -> ~c_R   sb)
     0.00000000E+00    2    -1000003         4   # BR(~chi_2+ -> ~s_L*  c )
     0.00000000E+00    2    -2000003         4   # BR(~chi_2+ -> ~s_R*  c )
     0.00000000E+00    2     1000006        -5   # BR(~chi_2+ -> ~t_1   bb)
     0.00000000E+00    2     2000006        -5   # BR(~chi_2+ -> ~t_2   bb)
     0.00000000E+00    2    -1000005         6   # BR(~chi_2+ -> ~b_1*  t )
     0.00000000E+00    2    -2000005         6   # BR(~chi_2+ -> ~b_2*  t )
     2.00968837E-02    2     1000012       -11   # BR(~chi_2+ -> ~nu_eL  e+  )
     2.00968837E-02    2     1000014       -13   # BR(~chi_2+ -> ~nu_muL  mu+ )
     2.74507395E-02    2     1000016       -15   # BR(~chi_2+ -> ~nu_tau1 tau+)
     5.20406111E-02    2    -1000011        12   # BR(~chi_2+ -> ~e_L+    nu_e)
     0.00000000E+00    2    -2000011        12   # BR(~chi_2+ -> ~e_R+    nu_e)
     5.20406111E-02    2    -1000013        14   # BR(~chi_2+ -> ~mu_L+   nu_mu)
     0.00000000E+00    2    -2000013        14   # BR(~chi_2+ -> ~mu_R+   nu_mu)
     2.82859898E-04    2    -1000015        16   # BR(~chi_2+ -> ~tau_1+  nu_tau)
     5.66729336E-02    2    -2000015        16   # BR(~chi_2+ -> ~tau_2+  nu_tau)
     2.31513269E-01    2     1000024        23   # BR(~chi_2+ -> ~chi_1+  Z )
     6.76715120E-02    2     1000022        24   # BR(~chi_2+ -> ~chi_10  W+)
     2.93654849E-01    2     1000023        24   # BR(~chi_2+ -> ~chi_20  W+)
     0.00000000E+00    2     1000025        24   # BR(~chi_2+ -> ~chi_30  W+)
     0.00000000E+00    2     1000035        24   # BR(~chi_2+ -> ~chi_40  W+)
     1.78478848E-01    2     1000024        25   # BR(~chi_2+ -> ~chi_1+  h )
     0.00000000E+00    2     1000024        35   # BR(~chi_2+ -> ~chi_1+  H )
     0.00000000E+00    2     1000024        36   # BR(~chi_2+ -> ~chi_1+  A )
     0.00000000E+00    2     1000022        37   # BR(~chi_2+ -> ~chi_10  H+)
     0.00000000E+00    2     1000023        37   # BR(~chi_2+ -> ~chi_20  H+)
     0.00000000E+00    2     1000025        37   # BR(~chi_2+ -> ~chi_30  H+)
     0.00000000E+00    2     1000035        37   # BR(~chi_2+ -> ~chi_40  H+)
#
#         PDG            Width
DECAY   1000022     0.00000000E+00   # neutralino1 decays
#
#         PDG            Width
DECAY   1000023     2.10124275E-02   # neutralino2 decays
#          BR         NDA      ID1       ID2
     0.00000000E+00    2     1000022        23   # BR(~chi_20 -> ~chi_10   Z )
     0.00000000E+00    2     1000024       -24   # BR(~chi_20 -> ~chi_1+   W-)
     0.00000000E+00    2    -1000024        24   # BR(~chi_20 -> ~chi_1-   W+)
     0.00000000E+00    2     1000037       -24   # BR(~chi_20 -> ~chi_2+   W-)
     0.00000000E+00    2    -1000037        24   # BR(~chi_20 -> ~chi_2-   W+)
     0.00000000E+00    2     1000022        25   # BR(~chi_20 -> ~chi_10   h )
     0.00000000E+00    2     1000022        35   # BR(~chi_20 -> ~chi_10   H )
     0.00000000E+00    2     1000022        36   # BR(~chi_20 -> ~chi_10   A )
     0.00000000E+00    2     1000024       -37   # BR(~chi_20 -> ~chi_1+   H-)
     0.00000000E+00    2    -1000024        37   # BR(~chi_20 -> ~chi_1-   H+)
     0.00000000E+00    2     1000037       -37   # BR(~chi_20 -> ~chi_2+   H-)
     0.00000000E+00    2    -1000037        37   # BR(~chi_20 -> ~chi_2-   H+)
     0.00000000E+00    2     1000002        -2   # BR(~chi_20 -> ~u_L      ub)
     0.00000000E+00    2    -1000002         2   # BR(~chi_20 -> ~u_L*     u )
     0.00000000E+00    2     2000002        -2   # BR(~chi_20 -> ~u_R      ub)
     0.00000000E+00    2    -2000002         2   # BR(~chi_20 -> ~u_R*     u )
     0.00000000E+00    2     1000001        -1   # BR(~chi_20 -> ~d_L      db)
     0.00000000E+00    2    -1000001         1   # BR(~chi_20 -> ~d_L*     d )
     0.00000000E+00    2     2000001        -1   # BR(~chi_20 -> ~d_R      db)
     0.00000000E+00    2    -2000001         1   # BR(~chi_20 -> ~d_R*     d )
     0.00000000E+00    2     1000004        -4   # BR(~chi_20 -> ~c_L      cb)
     0.00000000E+00    2    -1000004         4   # BR(~chi_20 -> ~c_L*     c )
     0.00000000E+00    2     2000004        -4   # BR(~chi_20 -> ~c_R      cb)
     0.00000000E+00    2    -2000004         4   # BR(~chi_20 -> ~c_R*     c )
     0.00000000E+00    2     1000003        -3   # BR(~chi_20 -> ~s_L      sb)
     0.00000000E+00    2    -1000003         3   # BR(~chi_20 -> ~s_L*     s )
     0.00000000E+00    2     2000003        -3   # BR(~chi_20 -> ~s_R      sb)
     0.00000000E+00    2    -2000003         3   # BR(~chi_20 -> ~s_R*     s )
     0.00000000E+00    2     1000006        -6   # BR(~chi_20 -> ~t_1      tb)
     0.00000000E+00    2    -1000006         6   # BR(~chi_20 -> ~t_1*     t )
     0.00000000E+00    2     2000006        -6   # BR(~chi_20 -> ~t_2      tb)
     0.00000000E+00    2    -2000006         6   # BR(~chi_20 -> ~t_2*     t )
     0.00000000E+00    2     1000005        -5   # BR(~chi_20 -> ~b_1      bb)
     0.00000000E+00    2    -1000005         5   # BR(~chi_20 -> ~b_1*     b )
     0.00000000E+00    2     2000005        -5   # BR(~chi_20 -> ~b_2      bb)
     0.00000000E+00    2    -2000005         5   # BR(~chi_20 -> ~b_2*     b )
     0.00000000E+00    2     1000011       -11   # BR(~chi_20 -> ~e_L-     e+)
     0.00000000E+00    2    -1000011        11   # BR(~chi_20 -> ~e_L+     e-)
     0.25000000E+00    2     2000011       -11   # BR(~chi_20 -> ~e_R-     e+)
     0.25000000E+00    2    -2000011        11   # BR(~chi_20 -> ~e_R+     e-)
     0.00000000E+00    2     1000013       -13   # BR(~chi_20 -> ~mu_L-    mu+)
     0.00000000E+00    2    -1000013        13   # BR(~chi_20 -> ~mu_L+    mu-)
     0.25000000E+00    2     2000013       -13   # BR(~chi_20 -> ~mu_R-    mu+)
     0.25000000E+00    2    -2000013        13   # BR(~chi_20 -> ~mu_R+    mu-)
     0.00000000E+00    2     1000015       -15   # BR(~chi_20 -> ~tau_1-   tau+)
     0.00000000E+00    2    -1000015        15   # BR(~chi_20 -> ~tau_1+   tau-)
     0.00000000E+00    2     2000015       -15   # BR(~chi_20 -> ~tau_2-   tau+)
     0.00000000E+00    2    -2000015        15   # BR(~chi_20 -> ~tau_2+   tau-)
     0.00000000E+00    2     1000012       -12   # BR(~chi_20 -> ~nu_eL    nu_eb)
     0.00000000E+00    2    -1000012        12   # BR(~chi_20 -> ~nu_eL*   nu_e )
     0.00000000E+00    2     1000014       -14   # BR(~chi_20 -> ~nu_muL   nu_mub)
     0.00000000E+00    2    -1000014        14   # BR(~chi_20 -> ~nu_muL*  nu_mu )
     0.00000000E+00    2     1000016       -16   # BR(~chi_20 -> ~nu_tau1  nu_taub)
     0.00000000E+00    2    -1000016        16   # BR(~chi_20 -> ~nu_tau1* nu_tau )
#
#         PDG            Width
DECAY   1000025     1.95675663E+00   # neutralino3 decays
#          BR         NDA      ID1       ID2
     1.13226601E-01    2     1000022        23   # BR(~chi_30 -> ~chi_10   Z )
     2.11969194E-01    2     1000023        23   # BR(~chi_30 -> ~chi_20   Z )
     2.95329778E-01    2     1000024       -24   # BR(~chi_30 -> ~chi_1+   W-)
     2.95329778E-01    2    -1000024        24   # BR(~chi_30 -> ~chi_1-   W+)
     0.00000000E+00    2     1000037       -24   # BR(~chi_30 -> ~chi_2+   W-)
     0.00000000E+00    2    -1000037        24   # BR(~chi_30 -> ~chi_2-   W+)
     2.13076490E-02    2     1000022        25   # BR(~chi_30 -> ~chi_10   h )
     0.00000000E+00    2     1000022        35   # BR(~chi_30 -> ~chi_10   H )
     0.00000000E+00    2     1000022        36   # BR(~chi_30 -> ~chi_10   A )
     1.24538329E-02    2     1000023        25   # BR(~chi_30 -> ~chi_20   h )
     0.00000000E+00    2     1000023        35   # BR(~chi_30 -> ~chi_20   H )
     0.00000000E+00    2     1000023        36   # BR(~chi_30 -> ~chi_20   A )
     0.00000000E+00    2     1000024       -37   # BR(~chi_30 -> ~chi_1+   H-)
     0.00000000E+00    2    -1000024        37   # BR(~chi_30 -> ~chi_1-   H+)
     0.00000000E+00    2     1000037       -37   # BR(~chi_30 -> ~chi_2+   H-)
     0.00000000E+00    2    -1000037        37   # BR(~chi_30 -> ~chi_2-   H+)
     0.00000000E+00    2     1000002        -2   # BR(~chi_30 -> ~u_L      ub)
     0.00000000E+00    2    -1000002         2   # BR(~chi_30 -> ~u_L*     u )
     0.00000000E+00    2     2000002        -2   # BR(~chi_30 -> ~u_R      ub)
     0.00000000E+00    2    -2000002         2   # BR(~chi_30 -> ~u_R*     u )
     0.00000000E+00    2     1000001        -1   # BR(~chi_30 -> ~d_L      db)
     0.00000000E+00    2    -1000001         1   # BR(~chi_30 -> ~d_L*     d )
     0.00000000E+00    2     2000001        -1   # BR(~chi_30 -> ~d_R      db)
     0.00000000E+00    2    -2000001         1   # BR(~chi_30 -> ~d_R*     d )
     0.00000000E+00    2     1000004        -4   # BR(~chi_30 -> ~c_L      cb)
     0.00000000E+00    2    -1000004         4   # BR(~chi_30 -> ~c_L*     c )
     0.00000000E+00    2     2000004        -4   # BR(~chi_30 -> ~c_R      cb)
     0.00000000E+00    2    -2000004         4   # BR(~chi_30 -> ~c_R*     c )
     0.00000000E+00    2     1000003        -3   # BR(~chi_30 -> ~s_L      sb)
     0.00000000E+00    2    -1000003         3   # BR(~chi_30 -> ~s_L*     s )
     0.00000000E+00    2     2000003        -3   # BR(~chi_30 -> ~s_R      sb)
     0.00000000E+00    2    -2000003         3   # BR(~chi_30 -> ~s_R*     s )
     0.00000000E+00    2     1000006        -6   # BR(~chi_30 -> ~t_1      tb)
     0.00000000E+00    2    -1000006         6   # BR(~chi_30 -> ~t_1*     t )
     0.00000000E+00    2     2000006        -6   # BR(~chi_30 -> ~t_2      tb)
     0.00000000E+00    2    -2000006         6   # BR(~chi_30 -> ~t_2*     t )
     0.00000000E+00    2     1000005        -5   # BR(~chi_30 -> ~b_1      bb)
     0.00000000E+00    2    -1000005         5   # BR(~chi_30 -> ~b_1*     b )
     0.00000000E+00    2     2000005        -5   # BR(~chi_30 -> ~b_2      bb)
     0.00000000E+00    2    -2000005         5   # BR(~chi_30 -> ~b_2*     b )
     5.57220455E-04    2     1000011       -11   # BR(~chi_30 -> ~e_L-     e+)
     5.57220455E-04    2    -1000011        11   # BR(~chi_30 -> ~e_L+     e-)
     1.25266782E-03    2     2000011       -11   # BR(~chi_30 -> ~e_R-     e+)
     1.25266782E-03    2    -2000011        11   # BR(~chi_30 -> ~e_R+     e-)
     5.57220455E-04    2     1000013       -13   # BR(~chi_30 -> ~mu_L-    mu+)
     5.57220455E-04    2    -1000013        13   # BR(~chi_30 -> ~mu_L+    mu-)
     1.25266782E-03    2     2000013       -13   # BR(~chi_30 -> ~mu_R-    mu+)
     1.25266782E-03    2    -2000013        13   # BR(~chi_30 -> ~mu_R+    mu-)
     5.26279239E-03    2     1000015       -15   # BR(~chi_30 -> ~tau_1-   tau+)
     5.26279239E-03    2    -1000015        15   # BR(~chi_30 -> ~tau_1+   tau-)
     6.72814564E-03    2     2000015       -15   # BR(~chi_30 -> ~tau_2-   tau+)
     6.72814564E-03    2    -2000015        15   # BR(~chi_30 -> ~tau_2+   tau-)
     3.18920485E-03    2     1000012       -12   # BR(~chi_30 -> ~nu_eL    nu_eb)
     3.18920485E-03    2    -1000012        12   # BR(~chi_30 -> ~nu_eL*   nu_e )
     3.18920485E-03    2     1000014       -14   # BR(~chi_30 -> ~nu_muL   nu_mub)
     3.18920485E-03    2    -1000014        14   # BR(~chi_30 -> ~nu_muL*  nu_mu )
     3.20245934E-03    2     1000016       -16   # BR(~chi_30 -> ~nu_tau1  nu_taub)
     3.20245934E-03    2    -1000016        16   # BR(~chi_30 -> ~nu_tau1* nu_tau )
#
#         PDG            Width
DECAY   1000035     2.65799064E+00   # neutralino4 decays
#          BR         NDA      ID1       ID2
     2.15369294E-02    2     1000022        23   # BR(~chi_40 -> ~chi_10   Z )
     1.85499971E-02    2     1000023        23   # BR(~chi_40 -> ~chi_20   Z )
     0.00000000E+00    2     1000025        23   # BR(~chi_40 -> ~chi_30   Z )
     2.49541430E-01    2     1000024       -24   # BR(~chi_40 -> ~chi_1+   W-)
     2.49541430E-01    2    -1000024        24   # BR(~chi_40 -> ~chi_1-   W+)
     0.00000000E+00    2     1000037       -24   # BR(~chi_40 -> ~chi_2+   W-)
     0.00000000E+00    2    -1000037        24   # BR(~chi_40 -> ~chi_2-   W+)
     6.93213268E-02    2     1000022        25   # BR(~chi_40 -> ~chi_10   h )
     0.00000000E+00    2     1000022        35   # BR(~chi_40 -> ~chi_10   H )
     0.00000000E+00    2     1000022        36   # BR(~chi_40 -> ~chi_10   A )
     1.47602336E-01    2     1000023        25   # BR(~chi_40 -> ~chi_20   h )
     0.00000000E+00    2     1000023        35   # BR(~chi_40 -> ~chi_20   H )
     0.00000000E+00    2     1000023        36   # BR(~chi_40 -> ~chi_20   A )
     0.00000000E+00    2     1000025        25   # BR(~chi_40 -> ~chi_30   h )
     0.00000000E+00    2     1000025        35   # BR(~chi_40 -> ~chi_30   H )
     0.00000000E+00    2     1000025        36   # BR(~chi_40 -> ~chi_30   A )
     0.00000000E+00    2     1000024       -37   # BR(~chi_40 -> ~chi_1+   H-)
     0.00000000E+00    2    -1000024        37   # BR(~chi_40 -> ~chi_1-   H+)
     0.00000000E+00    2     1000037       -37   # BR(~chi_40 -> ~chi_2+   H-)
     0.00000000E+00    2    -1000037        37   # BR(~chi_40 -> ~chi_2-   H+)
     0.00000000E+00    2     1000002        -2   # BR(~chi_40 -> ~u_L      ub)
     0.00000000E+00    2    -1000002         2   # BR(~chi_40 -> ~u_L*     u )
     0.00000000E+00    2     2000002        -2   # BR(~chi_40 -> ~u_R      ub)
     0.00000000E+00    2    -2000002         2   # BR(~chi_40 -> ~u_R*     u )
     0.00000000E+00    2     1000001        -1   # BR(~chi_40 -> ~d_L      db)
     0.00000000E+00    2    -1000001         1   # BR(~chi_40 -> ~d_L*     d )
     0.00000000E+00    2     2000001        -1   # BR(~chi_40 -> ~d_R      db)
     0.00000000E+00    2    -2000001         1   # BR(~chi_40 -> ~d_R*     d )
     0.00000000E+00    2     1000004        -4   # BR(~chi_40 -> ~c_L      cb)
     0.00000000E+00    2    -1000004         4   # BR(~chi_40 -> ~c_L*     c )
     0.00000000E+00    2     2000004        -4   # BR(~chi_40 -> ~c_R      cb)
     0.00000000E+00    2    -2000004         4   # BR(~chi_40 -> ~c_R*     c )
     0.00000000E+00    2     1000003        -3   # BR(~chi_40 -> ~s_L      sb)
     0.00000000E+00    2    -1000003         3   # BR(~chi_40 -> ~s_L*     s )
     0.00000000E+00    2     2000003        -3   # BR(~chi_40 -> ~s_R      sb)
     0.00000000E+00    2    -2000003         3   # BR(~chi_40 -> ~s_R*     s )
     0.00000000E+00    2     1000006        -6   # BR(~chi_40 -> ~t_1      tb)
     0.00000000E+00    2    -1000006         6   # BR(~chi_40 -> ~t_1*     t )
     0.00000000E+00    2     2000006        -6   # BR(~chi_40 -> ~t_2      tb)
     0.00000000E+00    2    -2000006         6   # BR(~chi_40 -> ~t_2*     t )
     0.00000000E+00    2     1000005        -5   # BR(~chi_40 -> ~b_1      bb)
     0.00000000E+00    2    -1000005         5   # BR(~chi_40 -> ~b_1*     b )
     0.00000000E+00    2     2000005        -5   # BR(~chi_40 -> ~b_2      bb)
     0.00000000E+00    2    -2000005         5   # BR(~chi_40 -> ~b_2*     b )
     9.64835418E-03    2     1000011       -11   # BR(~chi_40 -> ~e_L-     e+)
     9.64835418E-03    2    -1000011        11   # BR(~chi_40 -> ~e_L+     e-)
     3.75684470E-03    2     2000011       -11   # BR(~chi_40 -> ~e_R-     e+)
     3.75684470E-03    2    -2000011        11   # BR(~chi_40 -> ~e_R+     e-)
     9.64835418E-03    2     1000013       -13   # BR(~chi_40 -> ~mu_L-    mu+)
     9.64835418E-03    2    -1000013        13   # BR(~chi_40 -> ~mu_L+    mu-)
     3.75684470E-03    2     2000013       -13   # BR(~chi_40 -> ~mu_R-    mu+)
     3.75684470E-03    2    -2000013        13   # BR(~chi_40 -> ~mu_R+    mu-)
     2.68215241E-03    2     1000015       -15   # BR(~chi_40 -> ~tau_1-   tau+)
     2.68215241E-03    2    -1000015        15   # BR(~chi_40 -> ~tau_1+   tau-)
     1.62289809E-02    2     2000015       -15   # BR(~chi_40 -> ~tau_2-   tau+)
     1.62289809E-02    2    -2000015        15   # BR(~chi_40 -> ~tau_2+   tau-)
     2.53796547E-02    2     1000012       -12   # BR(~chi_40 -> ~nu_eL    nu_eb)
     2.53796547E-02    2    -1000012        12   # BR(~chi_40 -> ~nu_eL*   nu_e )
     2.53796547E-02    2     1000014       -14   # BR(~chi_40 -> ~nu_muL   nu_mub)
     2.53796547E-02    2    -1000014        14   # BR(~chi_40 -> ~nu_muL*  nu_mu )
     2.54724352E-02    2     1000016       -16   # BR(~chi_40 -> ~nu_tau1  nu_taub)
     2.54724352E-02    2    -1000016        16   # BR(~chi_40 -> ~nu_tau1* nu_tau )
